[2025-12-08 09:13:38] Twig\Error\SyntaxError: Unknown "truncate" filter in "admin/posts/index.twig" at line 156. in /var/www/mvc/app/Views/templates/admin/posts/index.twig:156
Stack trace:
#0 /var/www/mvc/vendor/twig/twig/src/ExpressionParser/Infix/FilterExpressionParser.php(47): Twig\Parser->getFilter()
#1 /var/www/mvc/vendor/twig/twig/src/Parser.php(390): Twig\ExpressionParser\Infix\FilterExpressionParser->parse()
#2 /var/www/mvc/vendor/twig/twig/src/Parser.php(180): Twig\Parser->parseExpression()
#3 /var/www/mvc/vendor/twig/twig/src/TokenParser/IfTokenParser.php(42): Twig\Parser->subparse()
#4 /var/www/mvc/vendor/twig/twig/src/Parser.php(224): Twig\TokenParser\IfTokenParser->parse()
#5 /var/www/mvc/vendor/twig/twig/src/TokenParser/ForTokenParser.php(43): Twig\Parser->subparse()
#6 /var/www/mvc/vendor/twig/twig/src/Parser.php(224): Twig\TokenParser\ForTokenParser->parse()
#7 /var/www/mvc/vendor/twig/twig/src/TokenParser/IfTokenParser.php(51): Twig\Parser->subparse()
#8 /var/www/mvc/vendor/twig/twig/src/Parser.php(224): Twig\TokenParser\IfTokenParser->parse()
#9 /var/www/mvc/vendor/twig/twig/src/TokenParser/BlockTokenParser.php(46): Twig\Parser->subparse()
#10 /var/www/mvc/vendor/twig/twig/src/Parser.php(224): Twig\TokenParser\BlockTokenParser->parse()
#11 /var/www/mvc/vendor/twig/twig/src/Parser.php(104): Twig\Parser->subparse()
#12 /var/www/mvc/vendor/twig/twig/src/Environment.php(558): Twig\Parser->parse()
#13 /var/www/mvc/vendor/twig/twig/src/Environment.php(589): Twig\Environment->parse()
#14 /var/www/mvc/vendor/twig/twig/src/Environment.php(408): Twig\Environment->compileSource()
#15 /var/www/mvc/vendor/twig/twig/src/Environment.php(370): Twig\Environment->loadTemplate()
#16 /var/www/mvc/vendor/twig/twig/src/Environment.php(333): Twig\Environment->load()
#17 /var/www/mvc/app/Core/TwigEngine.php(57): Twig\Environment->render()
#18 /var/www/mvc/app/Core/Controller.php(28): App\Core\TwigEngine->render()
#19 /var/www/mvc/app/Controllers/Admin/PostsController.php(48): App\Core\Controller->renderTwig()
#20 [internal function]: App\Controllers\Admin\PostsController->index()
#21 /var/www/mvc/app/Core/App.php(112): call_user_func_array()
#22 /var/www/mvc/app/Core/App.php(16): App\Core\App->execute()
#23 /var/www/mvc/public/index.php(35): App\Core\App->__construct()
#24 {main}

