[2025-12-10 09:33:17] ErrorException: Undefined array key "codigo" in /var/www/mvc/app/Models/EquipamentoModel.php:81
Stack trace:
#0 /var/www/mvc/app/Models/EquipamentoModel.php(81): App\Core\ExceptionHandler::handleError()
#1 /var/www/mvc/app/Controllers/Admin/EquipamentosController.php(82): App\Models\EquipamentoModel->atualizar()
#2 [internal function]: App\Controllers\Admin\EquipamentosController->atualizar()
#3 /var/www/mvc/app/Core/App.php(112): call_user_func_array()
#4 /var/www/mvc/app/Core/App.php(16): App\Core\App->execute()
#5 /var/www/mvc/public/index.php(35): App\Core\App->__construct()
#6 {main}

[2025-12-10 09:33:58] ErrorException: Undefined array key "codigo" in /var/www/mvc/app/Models/EquipamentoModel.php:81
Stack trace:
#0 /var/www/mvc/app/Models/EquipamentoModel.php(81): App\Core\ExceptionHandler::handleError()
#1 /var/www/mvc/app/Controllers/Admin/EquipamentosController.php(82): App\Models\EquipamentoModel->atualizar()
#2 [internal function]: App\Controllers\Admin\EquipamentosController->atualizar()
#3 /var/www/mvc/app/Core/App.php(112): call_user_func_array()
#4 /var/www/mvc/app/Core/App.php(16): App\Core\App->execute()
#5 /var/www/mvc/public/index.php(35): App\Core\App->__construct()
#6 {main}

[2025-12-10 17:20:13] Twig\Error\LoaderError: Unable to find template "admin/system/versions.twig" (looked into: /var/www/mvc/app/Core/../Views/templates). in /var/www/mvc/vendor/twig/twig/src/Loader/FilesystemLoader.php:234
Stack trace:
#0 /var/www/mvc/vendor/twig/twig/src/Loader/FilesystemLoader.php(138): Twig\Loader\FilesystemLoader->findTemplate()
#1 /var/www/mvc/vendor/twig/twig/src/Environment.php(317): Twig\Loader\FilesystemLoader->getCacheKey()
#2 /var/www/mvc/vendor/twig/twig/src/Environment.php(370): Twig\Environment->getTemplateClass()
#3 /var/www/mvc/vendor/twig/twig/src/Environment.php(333): Twig\Environment->load()
#4 /var/www/mvc/app/Core/TwigEngine.php(57): Twig\Environment->render()
#5 /var/www/mvc/app/Core/Controller.php(28): App\Core\TwigEngine->render()
#6 /var/www/mvc/app/Controllers/Admin/SystemController.php(19): App\Core\Controller->renderTwig()
#7 [internal function]: App\Controllers\Admin\SystemController->versions()
#8 /var/www/mvc/app/Core/App.php(112): call_user_func_array()
#9 /var/www/mvc/app/Core/App.php(16): App\Core\App->execute()
#10 /var/www/mvc/public/index.php(35): App\Core\App->__construct()
#11 {main}

[2025-12-10 17:20:21] Twig\Error\LoaderError: Unable to find template "admin/system/info.twig" (looked into: /var/www/mvc/app/Core/../Views/templates). in /var/www/mvc/vendor/twig/twig/src/Loader/FilesystemLoader.php:234
Stack trace:
#0 /var/www/mvc/vendor/twig/twig/src/Loader/FilesystemLoader.php(138): Twig\Loader\FilesystemLoader->findTemplate()
#1 /var/www/mvc/vendor/twig/twig/src/Environment.php(317): Twig\Loader\FilesystemLoader->getCacheKey()
#2 /var/www/mvc/vendor/twig/twig/src/Environment.php(370): Twig\Environment->getTemplateClass()
#3 /var/www/mvc/vendor/twig/twig/src/Environment.php(333): Twig\Environment->load()
#4 /var/www/mvc/app/Core/TwigEngine.php(57): Twig\Environment->render()
#5 /var/www/mvc/app/Core/Controller.php(28): App\Core\TwigEngine->render()
#6 /var/www/mvc/app/Controllers/Admin/SystemController.php(33): App\Core\Controller->renderTwig()
#7 [internal function]: App\Controllers\Admin\SystemController->info()
#8 /var/www/mvc/app/Core/App.php(112): call_user_func_array()
#9 /var/www/mvc/app/Core/App.php(16): App\Core\App->execute()
#10 /var/www/mvc/public/index.php(35): App\Core\App->__construct()
#11 {main}

[2025-12-10 18:57:20] PDOException: SQLSTATE[42S02]: Base table or view not found: 1146 Table 'mvc.dog_breeds' doesn't exist in /var/www/mvc/app/Helpers/Paginator.php:28
Stack trace:
#0 /var/www/mvc/app/Helpers/Paginator.php(28): PDOStatement->execute()
#1 /var/www/mvc/app/Models/DogBreedModel.php(48): App\Helpers\Paginator::paginate()
#2 /var/www/mvc/app/Controllers/Admin/DogBreedsController.php(52): App\Models\DogBreedModel->paginarComFiltros()
#3 [internal function]: App\Controllers\Admin\DogBreedsController->index()
#4 /var/www/mvc/app/Core/App.php(112): call_user_func_array()
#5 /var/www/mvc/app/Core/App.php(16): App\Core\App->execute()
#6 /var/www/mvc/public/index.php(35): App\Core\App->__construct()
#7 {main}

[2025-12-10 18:58:16] PDOException: SQLSTATE[42S02]: Base table or view not found: 1146 Table 'mvc.dog_breeds' doesn't exist in /var/www/mvc/app/Helpers/Paginator.php:28
Stack trace:
#0 /var/www/mvc/app/Helpers/Paginator.php(28): PDOStatement->execute()
#1 /var/www/mvc/app/Models/DogBreedModel.php(48): App\Helpers\Paginator::paginate()
#2 /var/www/mvc/app/Controllers/Admin/DogBreedsController.php(52): App\Models\DogBreedModel->paginarComFiltros()
#3 [internal function]: App\Controllers\Admin\DogBreedsController->index()
#4 /var/www/mvc/app/Core/App.php(112): call_user_func_array()
#5 /var/www/mvc/app/Core/App.php(16): App\Core\App->execute()
#6 /var/www/mvc/public/index.php(35): App\Core\App->__construct()
#7 {main}

[2025-12-10 19:02:54] PDOException: SQLSTATE[42S02]: Base table or view not found: 1146 Table 'mvc.dog_breeds' doesn't exist in /var/www/mvc/app/Helpers/Paginator.php:28
Stack trace:
#0 /var/www/mvc/app/Helpers/Paginator.php(28): PDOStatement->execute()
#1 /var/www/mvc/app/Models/DogBreedModel.php(48): App\Helpers\Paginator::paginate()
#2 /var/www/mvc/app/Controllers/Admin/DogBreedsController.php(52): App\Models\DogBreedModel->paginarComFiltros()
#3 [internal function]: App\Controllers\Admin\DogBreedsController->index()
#4 /var/www/mvc/app/Core/App.php(112): call_user_func_array()
#5 /var/www/mvc/app/Core/App.php(16): App\Core\App->execute()
#6 /var/www/mvc/public/index.php(35): App\Core\App->__construct()
#7 {main}

[2025-12-10 19:02:57] PDOException: SQLSTATE[42S02]: Base table or view not found: 1146 Table 'mvc.dog_breeds' doesn't exist in /var/www/mvc/app/Helpers/Paginator.php:28
Stack trace:
#0 /var/www/mvc/app/Helpers/Paginator.php(28): PDOStatement->execute()
#1 /var/www/mvc/app/Models/DogBreedModel.php(48): App\Helpers\Paginator::paginate()
#2 /var/www/mvc/app/Controllers/Admin/DogBreedsController.php(52): App\Models\DogBreedModel->paginarComFiltros()
#3 [internal function]: App\Controllers\Admin\DogBreedsController->index()
#4 /var/www/mvc/app/Core/App.php(112): call_user_func_array()
#5 /var/www/mvc/app/Core/App.php(16): App\Core\App->execute()
#6 /var/www/mvc/public/index.php(35): App\Core\App->__construct()
#7 {main}

[2025-12-10 19:02:59] PDOException: SQLSTATE[42S02]: Base table or view not found: 1146 Table 'mvc.dog_breeds' doesn't exist in /var/www/mvc/app/Helpers/Paginator.php:28
Stack trace:
#0 /var/www/mvc/app/Helpers/Paginator.php(28): PDOStatement->execute()
#1 /var/www/mvc/app/Models/DogBreedModel.php(48): App\Helpers\Paginator::paginate()
#2 /var/www/mvc/app/Controllers/Admin/DogBreedsController.php(52): App\Models\DogBreedModel->paginarComFiltros()
#3 [internal function]: App\Controllers\Admin\DogBreedsController->index()
#4 /var/www/mvc/app/Core/App.php(112): call_user_func_array()
#5 /var/www/mvc/app/Core/App.php(16): App\Core\App->execute()
#6 /var/www/mvc/public/index.php(35): App\Core\App->__construct()
#7 {main}

[2025-12-10 19:02:59] PDOException: SQLSTATE[42S02]: Base table or view not found: 1146 Table 'mvc.dog_breeds' doesn't exist in /var/www/mvc/app/Helpers/Paginator.php:28
Stack trace:
#0 /var/www/mvc/app/Helpers/Paginator.php(28): PDOStatement->execute()
#1 /var/www/mvc/app/Models/DogBreedModel.php(48): App\Helpers\Paginator::paginate()
#2 /var/www/mvc/app/Controllers/Admin/DogBreedsController.php(52): App\Models\DogBreedModel->paginarComFiltros()
#3 [internal function]: App\Controllers\Admin\DogBreedsController->index()
#4 /var/www/mvc/app/Core/App.php(112): call_user_func_array()
#5 /var/www/mvc/app/Core/App.php(16): App\Core\App->execute()
#6 /var/www/mvc/public/index.php(35): App\Core\App->__construct()
#7 {main}

[2025-12-10 19:02:59] PDOException: SQLSTATE[42S02]: Base table or view not found: 1146 Table 'mvc.dog_breeds' doesn't exist in /var/www/mvc/app/Helpers/Paginator.php:28
Stack trace:
#0 /var/www/mvc/app/Helpers/Paginator.php(28): PDOStatement->execute()
#1 /var/www/mvc/app/Models/DogBreedModel.php(48): App\Helpers\Paginator::paginate()
#2 /var/www/mvc/app/Controllers/Admin/DogBreedsController.php(52): App\Models\DogBreedModel->paginarComFiltros()
#3 [internal function]: App\Controllers\Admin\DogBreedsController->index()
#4 /var/www/mvc/app/Core/App.php(112): call_user_func_array()
#5 /var/www/mvc/app/Core/App.php(16): App\Core\App->execute()
#6 /var/www/mvc/public/index.php(35): App\Core\App->__construct()
#7 {main}

[2025-12-10 19:03:00] PDOException: SQLSTATE[42S02]: Base table or view not found: 1146 Table 'mvc.dog_breeds' doesn't exist in /var/www/mvc/app/Helpers/Paginator.php:28
Stack trace:
#0 /var/www/mvc/app/Helpers/Paginator.php(28): PDOStatement->execute()
#1 /var/www/mvc/app/Models/DogBreedModel.php(48): App\Helpers\Paginator::paginate()
#2 /var/www/mvc/app/Controllers/Admin/DogBreedsController.php(52): App\Models\DogBreedModel->paginarComFiltros()
#3 [internal function]: App\Controllers\Admin\DogBreedsController->index()
#4 /var/www/mvc/app/Core/App.php(112): call_user_func_array()
#5 /var/www/mvc/app/Core/App.php(16): App\Core\App->execute()
#6 /var/www/mvc/public/index.php(35): App\Core\App->__construct()
#7 {main}

[2025-12-10 19:04:13] PDOException: SQLSTATE[42S02]: Base table or view not found: 1146 Table 'mvc.dog_breeds' doesn't exist in /var/www/mvc/app/Helpers/Paginator.php:28
Stack trace:
#0 /var/www/mvc/app/Helpers/Paginator.php(28): PDOStatement->execute()
#1 /var/www/mvc/app/Models/DogBreedModel.php(48): App\Helpers\Paginator::paginate()
#2 /var/www/mvc/app/Controllers/Admin/DogBreedsController.php(52): App\Models\DogBreedModel->paginarComFiltros()
#3 [internal function]: App\Controllers\Admin\DogBreedsController->index()
#4 /var/www/mvc/app/Core/App.php(112): call_user_func_array()
#5 /var/www/mvc/app/Core/App.php(16): App\Core\App->execute()
#6 /var/www/mvc/public/index.php(35): App\Core\App->__construct()
#7 {main}

[2025-12-10 19:06:11] PDOException: SQLSTATE[42S02]: Base table or view not found: 1146 Table 'mvc.dog_breeds' doesn't exist in /var/www/mvc/app/Helpers/Paginator.php:28
Stack trace:
#0 /var/www/mvc/app/Helpers/Paginator.php(28): PDOStatement->execute()
#1 /var/www/mvc/app/Models/DogBreedModel.php(48): App\Helpers\Paginator::paginate()
#2 /var/www/mvc/app/Controllers/Admin/DogBreedsController.php(52): App\Models\DogBreedModel->paginarComFiltros()
#3 [internal function]: App\Controllers\Admin\DogBreedsController->index()
#4 /var/www/mvc/app/Core/App.php(112): call_user_func_array()
#5 /var/www/mvc/app/Core/App.php(16): App\Core\App->execute()
#6 /var/www/mvc/public/index.php(35): App\Core\App->__construct()
#7 {main}

[2025-12-10 19:06:17] PDOException: SQLSTATE[42S02]: Base table or view not found: 1146 Table 'mvc.dog_breeds' doesn't exist in /var/www/mvc/app/Helpers/Paginator.php:28
Stack trace:
#0 /var/www/mvc/app/Helpers/Paginator.php(28): PDOStatement->execute()
#1 /var/www/mvc/app/Models/DogBreedModel.php(48): App\Helpers\Paginator::paginate()
#2 /var/www/mvc/app/Controllers/Admin/DogBreedsController.php(52): App\Models\DogBreedModel->paginarComFiltros()
#3 [internal function]: App\Controllers\Admin\DogBreedsController->index()
#4 /var/www/mvc/app/Core/App.php(112): call_user_func_array()
#5 /var/www/mvc/app/Core/App.php(16): App\Core\App->execute()
#6 /var/www/mvc/public/index.php(35): App\Core\App->__construct()
#7 {main}

