[2025-12-04 12:15:30] ErrorException: mkdir(): Permission denied in /var/www/mvc/app/Controllers/Admin/AuthController.php:256
Stack trace:
#0 [internal function]: App\Core\ExceptionHandler::handleError()
#1 /var/www/mvc/app/Controllers/Admin/AuthController.php(256): mkdir()
#2 /var/www/mvc/app/Controllers/Admin/AuthController.php(199): App\Controllers\Admin\AuthController->processarAvatar()
#3 [internal function]: App\Controllers\Admin\AuthController->store()
#4 /var/www/mvc/app/Core/App.php(60): call_user_func_array()
#5 /var/www/mvc/app/Core/App.php(14): App\Core\App->execute()
#6 /var/www/mvc/public/index.php(32): App\Core\App->__construct()
#7 {main}

[2025-12-04 12:17:22] ErrorException: move_uploaded_file(/var/www/mvc/app/Controllers/Admin/../../public/assets/avatars/avatar_69317bd2103e7.png): Failed to open stream: No such file or directory in /var/www/mvc/app/Controllers/Admin/AuthController.php:287
Stack trace:
#0 [internal function]: App\Core\ExceptionHandler::handleError()
#1 /var/www/mvc/app/Controllers/Admin/AuthController.php(287): move_uploaded_file()
#2 /var/www/mvc/app/Controllers/Admin/AuthController.php(199): App\Controllers\Admin\AuthController->processarAvatar()
#3 [internal function]: App\Controllers\Admin\AuthController->store()
#4 /var/www/mvc/app/Core/App.php(60): call_user_func_array()
#5 /var/www/mvc/app/Core/App.php(14): App\Core\App->execute()
#6 /var/www/mvc/public/index.php(32): App\Core\App->__construct()
#7 {main}

[2025-12-04 12:18:13] ErrorException: move_uploaded_file(/var/www/mvc/app/Controllers/Admin/../../public/assets/avatars/avatar_69317c0557008.png): Failed to open stream: No such file or directory in /var/www/mvc/app/Controllers/Admin/AuthController.php:287
Stack trace:
#0 [internal function]: App\Core\ExceptionHandler::handleError()
#1 /var/www/mvc/app/Controllers/Admin/AuthController.php(287): move_uploaded_file()
#2 /var/www/mvc/app/Controllers/Admin/AuthController.php(199): App\Controllers\Admin\AuthController->processarAvatar()
#3 [internal function]: App\Controllers\Admin\AuthController->store()
#4 /var/www/mvc/app/Core/App.php(60): call_user_func_array()
#5 /var/www/mvc/app/Core/App.php(14): App\Core\App->execute()
#6 /var/www/mvc/public/index.php(32): App\Core\App->__construct()
#7 {main}

[2025-12-04 12:18:30] ErrorException: move_uploaded_file(/var/www/mvc/app/Controllers/Admin/../../public/assets/avatars/avatar_69317c1610002.png): Failed to open stream: No such file or directory in /var/www/mvc/app/Controllers/Admin/AuthController.php:287
Stack trace:
#0 [internal function]: App\Core\ExceptionHandler::handleError()
#1 /var/www/mvc/app/Controllers/Admin/AuthController.php(287): move_uploaded_file()
#2 /var/www/mvc/app/Controllers/Admin/AuthController.php(199): App\Controllers\Admin\AuthController->processarAvatar()
#3 [internal function]: App\Controllers\Admin\AuthController->store()
#4 /var/www/mvc/app/Core/App.php(60): call_user_func_array()
#5 /var/www/mvc/app/Core/App.php(14): App\Core\App->execute()
#6 /var/www/mvc/public/index.php(32): App\Core\App->__construct()
#7 {main}

[2025-12-04 13:39:30] ErrorException: require_once(/var/www/mvc/app/Views/admin/profile/../layouts/admin_header.php): Failed to open stream: No such file or directory in /var/www/mvc/app/Views/admin/profile/index.php:2
Stack trace:
#0 /var/www/mvc/app/Views/admin/profile/index.php(2): App\Core\ExceptionHandler::handleError()
#1 /var/www/mvc/app/Views/admin/profile/index.php(2): require_once()
#2 /var/www/mvc/app/Views/layouts/main.php(33): require('...')
#3 /var/www/mvc/app/Core/Controller.php(13): require_once('...')
#4 /var/www/mvc/app/Controllers/Admin/PerfilController.php(50): App\Core\Controller->view()
#5 [internal function]: App\Controllers\Admin\PerfilController->index()
#6 /var/www/mvc/app/Core/App.php(73): call_user_func_array()
#7 /var/www/mvc/app/Core/App.php(16): App\Core\App->execute()
#8 /var/www/mvc/public/index.php(32): App\Core\App->__construct()
#9 {main}

[2025-12-04 13:39:30] Error [1]: Uncaught ErrorException: http_response_code(): Cannot set response code - headers already sent (output started at /var/www/mvc/app/Views/layouts/header.php:106) in /var/www/mvc/app/Core/ExceptionHandler.php:47
Stack trace:
#0 [internal function]: App\Core\ExceptionHandler::handleError()
#1 /var/www/mvc/app/Core/ExceptionHandler.php(47): http_response_code()
#2 [internal function]: App\Core\ExceptionHandler::handleException()
#3 {main}
  thrown in /var/www/mvc/app/Core/ExceptionHandler.php:47

[2025-12-04 14:19:39] Error: Call to undefined method App\Helpers\CsrfHelper::generateTokenField() in /var/www/mvc/app/Views/admin/profile/index.php:131
Stack trace:
#0 /var/www/mvc/app/Views/layouts/admin.php(91): require()
#1 /var/www/mvc/app/Core/Controller.php(13): require_once('...')
#2 /var/www/mvc/app/Controllers/Admin/PerfilController.php(50): App\Core\Controller->view()
#3 [internal function]: App\Controllers\Admin\PerfilController->index()
#4 /var/www/mvc/app/Core/App.php(74): call_user_func_array()
#5 /var/www/mvc/app/Core/App.php(16): App\Core\App->execute()
#6 /var/www/mvc/public/index.php(35): App\Core\App->__construct()
#7 {main}

[2025-12-04 14:19:39] Error [1]: Uncaught ErrorException: http_response_code(): Cannot set response code - headers already sent (output started at /var/www/mvc/app/Views/layouts/admin_header.php:57) in /var/www/mvc/app/Core/ExceptionHandler.php:47
Stack trace:
#0 [internal function]: App\Core\ExceptionHandler::handleError()
#1 /var/www/mvc/app/Core/ExceptionHandler.php(47): http_response_code()
#2 [internal function]: App\Core\ExceptionHandler::handleException()
#3 {main}
  thrown in /var/www/mvc/app/Core/ExceptionHandler.php:47

[2025-12-04 14:57:45] ErrorException: Undefined array key "foto" in /var/www/mvc/app/Models/PessoalModel.php:83
Stack trace:
#0 /var/www/mvc/app/Models/PessoalModel.php(83): App\Core\ExceptionHandler::handleError()
#1 /var/www/mvc/app/Controllers/Admin/PessoalController.php(106): App\Models\PessoalModel->atualizar()
#2 [internal function]: App\Controllers\Admin\PessoalController->atualizar()
#3 /var/www/mvc/app/Core/App.php(74): call_user_func_array()
#4 /var/www/mvc/app/Core/App.php(16): App\Core\App->execute()
#5 /var/www/mvc/public/index.php(35): App\Core\App->__construct()
#6 {main}

[2025-12-04 16:06:14] Error: Call to undefined method App\Helpers\CsrfHelper::regenerateToken() in /var/www/mvc/app/Controllers/Admin/AlterarSenhaController.php:129
Stack trace:
#0 [internal function]: App\Controllers\Admin\AlterarSenhaController->update()
#1 /var/www/mvc/app/Core/App.php(80): call_user_func_array()
#2 /var/www/mvc/app/Core/App.php(16): App\Core\App->execute()
#3 /var/www/mvc/public/index.php(35): App\Core\App->__construct()
#4 {main}

[2025-12-04 17:55:12] ErrorException: include(components/navbar.php): Failed to open stream: No such file or directory in /var/www/mvc/app/Views/layouts/header.php:30
Stack trace:
#0 /var/www/mvc/app/Views/layouts/header.php(30): App\Core\ExceptionHandler::handleError()
#1 /var/www/mvc/app/Views/layouts/header.php(30): include()
#2 /var/www/mvc/app/Views/layouts/main.php(9): require('...')
#3 /var/www/mvc/app/Core/Controller.php(13): require_once('...')
#4 /var/www/mvc/app/Controllers/Site/BlogController.php(16): App\Core\Controller->view()
#5 [internal function]: App\Controllers\Site\BlogController->index()
#6 /var/www/mvc/app/Core/App.php(80): call_user_func_array()
#7 /var/www/mvc/app/Core/App.php(16): App\Core\App->execute()
#8 /var/www/mvc/public/index.php(35): App\Core\App->__construct()
#9 {main}

[2025-12-04 17:55:12] ErrorException: include(components/navbar.php): Failed to open stream: No such file or directory in /var/www/mvc/app/Views/layouts/header.php:30
Stack trace:
#0 /var/www/mvc/app/Views/layouts/header.php(30): App\Core\ExceptionHandler::handleError()
#1 /var/www/mvc/app/Views/layouts/header.php(30): include()
#2 /var/www/mvc/app/Views/layouts/main.php(9): require('...')
#3 /var/www/mvc/app/Core/Controller.php(13): require_once('...')
#4 /var/www/mvc/app/Controllers/Site/AboutController.php(9): App\Core\Controller->view()
#5 [internal function]: App\Controllers\Site\AboutController->index()
#6 /var/www/mvc/app/Core/App.php(80): call_user_func_array()
#7 /var/www/mvc/app/Core/App.php(16): App\Core\App->execute()
#8 /var/www/mvc/public/index.php(35): App\Core\App->__construct()
#9 {main}

[2025-12-04 17:55:13] ErrorException: include(components/navbar.php): Failed to open stream: No such file or directory in /var/www/mvc/app/Views/layouts/header.php:30
Stack trace:
#0 /var/www/mvc/app/Views/layouts/header.php(30): App\Core\ExceptionHandler::handleError()
#1 /var/www/mvc/app/Views/layouts/header.php(30): include()
#2 /var/www/mvc/app/Views/layouts/main.php(9): require('...')
#3 /var/www/mvc/app/Core/Controller.php(13): require_once('...')
#4 /var/www/mvc/app/Controllers/Site/HomeController.php(9): App\Core\Controller->view()
#5 [internal function]: App\Controllers\Site\HomeController->index()
#6 /var/www/mvc/app/Core/App.php(80): call_user_func_array()
#7 /var/www/mvc/app/Core/App.php(16): App\Core\App->execute()
#8 /var/www/mvc/public/index.php(35): App\Core\App->__construct()
#9 {main}

[2025-12-04 18:01:31] ErrorException: include(components/navbar.php): Failed to open stream: No such file or directory in /var/www/mvc/app/Views/layouts/header.php:30
Stack trace:
#0 /var/www/mvc/app/Views/layouts/header.php(30): App\Core\ExceptionHandler::handleError()
#1 /var/www/mvc/app/Views/layouts/header.php(30): include()
#2 /var/www/mvc/app/Views/layouts/main.php(9): require('...')
#3 /var/www/mvc/app/Core/Controller.php(13): require_once('...')
#4 /var/www/mvc/app/Controllers/Site/HomeController.php(9): App\Core\Controller->view()
#5 [internal function]: App\Controllers\Site\HomeController->index()
#6 /var/www/mvc/app/Core/App.php(80): call_user_func_array()
#7 /var/www/mvc/app/Core/App.php(16): App\Core\App->execute()
#8 /var/www/mvc/public/index.php(35): App\Core\App->__construct()
#9 {main}

[2025-12-04 18:07:03] ErrorException: include(components/navbar.php): Failed to open stream: No such file or directory in /var/www/mvc/app/Views/layouts/header.php:30
Stack trace:
#0 /var/www/mvc/app/Views/layouts/header.php(30): App\Core\ExceptionHandler::handleError()
#1 /var/www/mvc/app/Views/layouts/header.php(30): include()
#2 /var/www/mvc/app/Views/layouts/main.php(9): require('...')
#3 /var/www/mvc/app/Core/Controller.php(13): require_once('...')
#4 /var/www/mvc/app/Controllers/Site/HomeController.php(9): App\Core\Controller->view()
#5 [internal function]: App\Controllers\Site\HomeController->index()
#6 /var/www/mvc/app/Core/App.php(80): call_user_func_array()
#7 /var/www/mvc/app/Core/App.php(16): App\Core\App->execute()
#8 /var/www/mvc/public/index.php(35): App\Core\App->__construct()
#9 {main}

[2025-12-04 18:07:09] ErrorException: include(components/navbar.php): Failed to open stream: No such file or directory in /var/www/mvc/app/Views/layouts/header.php:30
Stack trace:
#0 /var/www/mvc/app/Views/layouts/header.php(30): App\Core\ExceptionHandler::handleError()
#1 /var/www/mvc/app/Views/layouts/header.php(30): include()
#2 /var/www/mvc/app/Views/layouts/main.php(9): require('...')
#3 /var/www/mvc/app/Core/Controller.php(13): require_once('...')
#4 /var/www/mvc/app/Controllers/Site/HomeController.php(9): App\Core\Controller->view()
#5 [internal function]: App\Controllers\Site\HomeController->index()
#6 /var/www/mvc/app/Core/App.php(80): call_user_func_array()
#7 /var/www/mvc/app/Core/App.php(16): App\Core\App->execute()
#8 /var/www/mvc/public/index.php(35): App\Core\App->__construct()
#9 {main}

[2025-12-04 18:07:14] ErrorException: include(components/navbar.php): Failed to open stream: No such file or directory in /var/www/mvc/app/Views/layouts/header.php:30
Stack trace:
#0 /var/www/mvc/app/Views/layouts/header.php(30): App\Core\ExceptionHandler::handleError()
#1 /var/www/mvc/app/Views/layouts/header.php(30): include()
#2 /var/www/mvc/app/Views/layouts/main.php(9): require('...')
#3 /var/www/mvc/app/Core/Controller.php(13): require_once('...')
#4 /var/www/mvc/app/Controllers/Site/HomeController.php(9): App\Core\Controller->view()
#5 [internal function]: App\Controllers\Site\HomeController->index()
#6 /var/www/mvc/app/Core/App.php(80): call_user_func_array()
#7 /var/www/mvc/app/Core/App.php(16): App\Core\App->execute()
#8 /var/www/mvc/public/index.php(35): App\Core\App->__construct()
#9 {main}

[2025-12-04 18:10:57] ErrorException: include(components/navbar.php): Failed to open stream: No such file or directory in /var/www/mvc/app/Views/layouts/header.php:30
Stack trace:
#0 /var/www/mvc/app/Views/layouts/header.php(30): App\Core\ExceptionHandler::handleError()
#1 /var/www/mvc/app/Views/layouts/header.php(30): include()
#2 /var/www/mvc/app/Views/layouts/main.php(9): require('...')
#3 /var/www/mvc/app/Core/Controller.php(13): require_once('...')
#4 /var/www/mvc/app/Controllers/Site/ContactController.php(13): App\Core\Controller->view()
#5 [internal function]: App\Controllers\Site\ContactController->index()
#6 /var/www/mvc/app/Core/App.php(80): call_user_func_array()
#7 /var/www/mvc/app/Core/App.php(16): App\Core\App->execute()
#8 /var/www/mvc/public/index.php(35): App\Core\App->__construct()
#9 {main}

[2025-12-04 18:11:07] ErrorException: include(components/navbar.php): Failed to open stream: No such file or directory in /var/www/mvc/app/Views/layouts/header.php:30
Stack trace:
#0 /var/www/mvc/app/Views/layouts/header.php(30): App\Core\ExceptionHandler::handleError()
#1 /var/www/mvc/app/Views/layouts/header.php(30): include()
#2 /var/www/mvc/app/Views/layouts/main.php(9): require('...')
#3 /var/www/mvc/app/Core/Controller.php(13): require_once('...')
#4 /var/www/mvc/app/Controllers/Site/HomeController.php(9): App\Core\Controller->view()
#5 [internal function]: App\Controllers\Site\HomeController->index()
#6 /var/www/mvc/app/Core/App.php(80): call_user_func_array()
#7 /var/www/mvc/app/Core/App.php(16): App\Core\App->execute()
#8 /var/www/mvc/public/index.php(35): App\Core\App->__construct()
#9 {main}

[2025-12-04 18:11:52] ErrorException: include(layouts/components/footer.php): Failed to open stream: No such file or directory in /var/www/mvc/app/Views/home.php:148
Stack trace:
#0 /var/www/mvc/app/Views/home.php(148): App\Core\ExceptionHandler::handleError()
#1 /var/www/mvc/app/Views/home.php(148): include()
#2 /var/www/mvc/app/Views/layouts/main.php(33): require('...')
#3 /var/www/mvc/app/Core/Controller.php(13): require_once('...')
#4 /var/www/mvc/app/Controllers/Site/HomeController.php(9): App\Core\Controller->view()
#5 [internal function]: App\Controllers\Site\HomeController->index()
#6 /var/www/mvc/app/Core/App.php(80): call_user_func_array()
#7 /var/www/mvc/app/Core/App.php(16): App\Core\App->execute()
#8 /var/www/mvc/public/index.php(35): App\Core\App->__construct()
#9 {main}

[2025-12-04 18:11:52] Error [1]: Uncaught ErrorException: http_response_code(): Cannot set response code - headers already sent (output started at /var/www/mvc/app/Views/layouts/main.php:10) in /var/www/mvc/app/Core/ExceptionHandler.php:47
Stack trace:
#0 [internal function]: App\Core\ExceptionHandler::handleError()
#1 /var/www/mvc/app/Core/ExceptionHandler.php(47): http_response_code()
#2 [internal function]: App\Core\ExceptionHandler::handleException()
#3 {main}
  thrown in /var/www/mvc/app/Core/ExceptionHandler.php:47

[2025-12-04 18:11:58] ErrorException: include(layouts/components/footer.php): Failed to open stream: No such file or directory in /var/www/mvc/app/Views/home.php:148
Stack trace:
#0 /var/www/mvc/app/Views/home.php(148): App\Core\ExceptionHandler::handleError()
#1 /var/www/mvc/app/Views/home.php(148): include()
#2 /var/www/mvc/app/Views/layouts/main.php(33): require('...')
#3 /var/www/mvc/app/Core/Controller.php(13): require_once('...')
#4 /var/www/mvc/app/Controllers/Site/HomeController.php(9): App\Core\Controller->view()
#5 [internal function]: App\Controllers\Site\HomeController->index()
#6 /var/www/mvc/app/Core/App.php(80): call_user_func_array()
#7 /var/www/mvc/app/Core/App.php(16): App\Core\App->execute()
#8 /var/www/mvc/public/index.php(35): App\Core\App->__construct()
#9 {main}

[2025-12-04 18:11:58] Error [1]: Uncaught ErrorException: http_response_code(): Cannot set response code - headers already sent (output started at /var/www/mvc/app/Views/layouts/main.php:10) in /var/www/mvc/app/Core/ExceptionHandler.php:47
Stack trace:
#0 [internal function]: App\Core\ExceptionHandler::handleError()
#1 /var/www/mvc/app/Core/ExceptionHandler.php(47): http_response_code()
#2 [internal function]: App\Core\ExceptionHandler::handleException()
#3 {main}
  thrown in /var/www/mvc/app/Core/ExceptionHandler.php:47

[2025-12-04 18:12:13] ErrorException: include(layouts/components/footer.php): Failed to open stream: No such file or directory in /var/www/mvc/app/Views/home.php:148
Stack trace:
#0 /var/www/mvc/app/Views/home.php(148): App\Core\ExceptionHandler::handleError()
#1 /var/www/mvc/app/Views/home.php(148): include()
#2 /var/www/mvc/app/Views/layouts/main.php(33): require('...')
#3 /var/www/mvc/app/Core/Controller.php(13): require_once('...')
#4 /var/www/mvc/app/Controllers/Site/HomeController.php(9): App\Core\Controller->view()
#5 [internal function]: App\Controllers\Site\HomeController->index()
#6 /var/www/mvc/app/Core/App.php(80): call_user_func_array()
#7 /var/www/mvc/app/Core/App.php(16): App\Core\App->execute()
#8 /var/www/mvc/public/index.php(35): App\Core\App->__construct()
#9 {main}

[2025-12-04 18:12:13] Error [1]: Uncaught ErrorException: http_response_code(): Cannot set response code - headers already sent (output started at /var/www/mvc/app/Views/layouts/main.php:10) in /var/www/mvc/app/Core/ExceptionHandler.php:47
Stack trace:
#0 [internal function]: App\Core\ExceptionHandler::handleError()
#1 /var/www/mvc/app/Core/ExceptionHandler.php(47): http_response_code()
#2 [internal function]: App\Core\ExceptionHandler::handleException()
#3 {main}
  thrown in /var/www/mvc/app/Core/ExceptionHandler.php:47

[2025-12-04 18:12:52] ErrorException: include(layouts/components/footer.php): Failed to open stream: No such file or directory in /var/www/mvc/app/Views/home.php:148
Stack trace:
#0 /var/www/mvc/app/Views/home.php(148): App\Core\ExceptionHandler::handleError()
#1 /var/www/mvc/app/Views/home.php(148): include()
#2 /var/www/mvc/app/Views/layouts/main.php(33): require('...')
#3 /var/www/mvc/app/Core/Controller.php(13): require_once('...')
#4 /var/www/mvc/app/Controllers/Site/HomeController.php(9): App\Core\Controller->view()
#5 [internal function]: App\Controllers\Site\HomeController->index()
#6 /var/www/mvc/app/Core/App.php(80): call_user_func_array()
#7 /var/www/mvc/app/Core/App.php(16): App\Core\App->execute()
#8 /var/www/mvc/public/index.php(35): App\Core\App->__construct()
#9 {main}

[2025-12-04 18:12:52] Error [1]: Uncaught ErrorException: http_response_code(): Cannot set response code - headers already sent (output started at /var/www/mvc/app/Views/layouts/main.php:10) in /var/www/mvc/app/Core/ExceptionHandler.php:47
Stack trace:
#0 [internal function]: App\Core\ExceptionHandler::handleError()
#1 /var/www/mvc/app/Core/ExceptionHandler.php(47): http_response_code()
#2 [internal function]: App\Core\ExceptionHandler::handleException()
#3 {main}
  thrown in /var/www/mvc/app/Core/ExceptionHandler.php:47

[2025-12-04 18:12:55] ErrorException: include(layouts/components/footer.php): Failed to open stream: No such file or directory in /var/www/mvc/app/Views/home.php:148
Stack trace:
#0 /var/www/mvc/app/Views/home.php(148): App\Core\ExceptionHandler::handleError()
#1 /var/www/mvc/app/Views/home.php(148): include()
#2 /var/www/mvc/app/Views/layouts/main.php(33): require('...')
#3 /var/www/mvc/app/Core/Controller.php(13): require_once('...')
#4 /var/www/mvc/app/Controllers/Site/HomeController.php(9): App\Core\Controller->view()
#5 [internal function]: App\Controllers\Site\HomeController->index()
#6 /var/www/mvc/app/Core/App.php(80): call_user_func_array()
#7 /var/www/mvc/app/Core/App.php(16): App\Core\App->execute()
#8 /var/www/mvc/public/index.php(35): App\Core\App->__construct()
#9 {main}

[2025-12-04 18:12:55] Error [1]: Uncaught ErrorException: http_response_code(): Cannot set response code - headers already sent (output started at /var/www/mvc/app/Views/layouts/main.php:10) in /var/www/mvc/app/Core/ExceptionHandler.php:47
Stack trace:
#0 [internal function]: App\Core\ExceptionHandler::handleError()
#1 /var/www/mvc/app/Core/ExceptionHandler.php(47): http_response_code()
#2 [internal function]: App\Core\ExceptionHandler::handleException()
#3 {main}
  thrown in /var/www/mvc/app/Core/ExceptionHandler.php:47

[2025-12-04 18:13:03] ErrorException: include(layouts/components/footer.php): Failed to open stream: No such file or directory in /var/www/mvc/app/Views/about.php:93
Stack trace:
#0 /var/www/mvc/app/Views/about.php(93): App\Core\ExceptionHandler::handleError()
#1 /var/www/mvc/app/Views/about.php(93): include()
#2 /var/www/mvc/app/Views/layouts/main.php(33): require('...')
#3 /var/www/mvc/app/Core/Controller.php(13): require_once('...')
#4 /var/www/mvc/app/Controllers/Site/AboutController.php(9): App\Core\Controller->view()
#5 [internal function]: App\Controllers\Site\AboutController->index()
#6 /var/www/mvc/app/Core/App.php(80): call_user_func_array()
#7 /var/www/mvc/app/Core/App.php(16): App\Core\App->execute()
#8 /var/www/mvc/public/index.php(35): App\Core\App->__construct()
#9 {main}

[2025-12-04 18:13:03] Error [1]: Uncaught ErrorException: http_response_code(): Cannot set response code - headers already sent (output started at /var/www/mvc/app/Views/layouts/main.php:10) in /var/www/mvc/app/Core/ExceptionHandler.php:47
Stack trace:
#0 [internal function]: App\Core\ExceptionHandler::handleError()
#1 /var/www/mvc/app/Core/ExceptionHandler.php(47): http_response_code()
#2 [internal function]: App\Core\ExceptionHandler::handleException()
#3 {main}
  thrown in /var/www/mvc/app/Core/ExceptionHandler.php:47

[2025-12-04 18:13:08] ErrorException: include(layouts/components/footer.php): Failed to open stream: No such file or directory in /var/www/mvc/app/Views/blog.php:44
Stack trace:
#0 /var/www/mvc/app/Views/blog.php(44): App\Core\ExceptionHandler::handleError()
#1 /var/www/mvc/app/Views/blog.php(44): include()
#2 /var/www/mvc/app/Views/layouts/main.php(33): require('...')
#3 /var/www/mvc/app/Core/Controller.php(13): require_once('...')
#4 /var/www/mvc/app/Controllers/Site/BlogController.php(16): App\Core\Controller->view()
#5 [internal function]: App\Controllers\Site\BlogController->index()
#6 /var/www/mvc/app/Core/App.php(80): call_user_func_array()
#7 /var/www/mvc/app/Core/App.php(16): App\Core\App->execute()
#8 /var/www/mvc/public/index.php(35): App\Core\App->__construct()
#9 {main}

[2025-12-04 18:13:08] Error [1]: Uncaught ErrorException: http_response_code(): Cannot set response code - headers already sent (output started at /var/www/mvc/app/Views/layouts/main.php:10) in /var/www/mvc/app/Core/ExceptionHandler.php:47
Stack trace:
#0 [internal function]: App\Core\ExceptionHandler::handleError()
#1 /var/www/mvc/app/Core/ExceptionHandler.php(47): http_response_code()
#2 [internal function]: App\Core\ExceptionHandler::handleException()
#3 {main}
  thrown in /var/www/mvc/app/Core/ExceptionHandler.php:47

[2025-12-04 18:13:11] ErrorException: include(layouts/components/footer.php): Failed to open stream: No such file or directory in /var/www/mvc/app/Views/contact.php:70
Stack trace:
#0 /var/www/mvc/app/Views/contact.php(70): App\Core\ExceptionHandler::handleError()
#1 /var/www/mvc/app/Views/contact.php(70): include()
#2 /var/www/mvc/app/Views/layouts/main.php(33): require('...')
#3 /var/www/mvc/app/Core/Controller.php(13): require_once('...')
#4 /var/www/mvc/app/Controllers/Site/ContactController.php(13): App\Core\Controller->view()
#5 [internal function]: App\Controllers\Site\ContactController->index()
#6 /var/www/mvc/app/Core/App.php(80): call_user_func_array()
#7 /var/www/mvc/app/Core/App.php(16): App\Core\App->execute()
#8 /var/www/mvc/public/index.php(35): App\Core\App->__construct()
#9 {main}

[2025-12-04 18:13:11] Error [1]: Uncaught ErrorException: http_response_code(): Cannot set response code - headers already sent (output started at /var/www/mvc/app/Views/layouts/main.php:10) in /var/www/mvc/app/Core/ExceptionHandler.php:47
Stack trace:
#0 [internal function]: App\Core\ExceptionHandler::handleError()
#1 /var/www/mvc/app/Core/ExceptionHandler.php(47): http_response_code()
#2 [internal function]: App\Core\ExceptionHandler::handleException()
#3 {main}
  thrown in /var/www/mvc/app/Core/ExceptionHandler.php:47

[2025-12-04 18:13:14] ErrorException: include(layouts/components/footer.php): Failed to open stream: No such file or directory in /var/www/mvc/app/Views/home.php:148
Stack trace:
#0 /var/www/mvc/app/Views/home.php(148): App\Core\ExceptionHandler::handleError()
#1 /var/www/mvc/app/Views/home.php(148): include()
#2 /var/www/mvc/app/Views/layouts/main.php(33): require('...')
#3 /var/www/mvc/app/Core/Controller.php(13): require_once('...')
#4 /var/www/mvc/app/Controllers/Site/HomeController.php(9): App\Core\Controller->view()
#5 [internal function]: App\Controllers\Site\HomeController->index()
#6 /var/www/mvc/app/Core/App.php(80): call_user_func_array()
#7 /var/www/mvc/app/Core/App.php(16): App\Core\App->execute()
#8 /var/www/mvc/public/index.php(35): App\Core\App->__construct()
#9 {main}

[2025-12-04 18:13:14] Error [1]: Uncaught ErrorException: http_response_code(): Cannot set response code - headers already sent (output started at /var/www/mvc/app/Views/layouts/main.php:10) in /var/www/mvc/app/Core/ExceptionHandler.php:47
Stack trace:
#0 [internal function]: App\Core\ExceptionHandler::handleError()
#1 /var/www/mvc/app/Core/ExceptionHandler.php(47): http_response_code()
#2 [internal function]: App\Core\ExceptionHandler::handleException()
#3 {main}
  thrown in /var/www/mvc/app/Core/ExceptionHandler.php:47

[2025-12-04 18:13:20] ErrorException: include_once(/var/www/mvc/app/Views/layouts/admin_header.php): Failed to open stream: No such file or directory in /var/www/mvc/app/Views/layouts/admin.php:31
Stack trace:
#0 /var/www/mvc/app/Views/layouts/admin.php(31): App\Core\ExceptionHandler::handleError()
#1 /var/www/mvc/app/Views/layouts/admin.php(31): include_once()
#2 /var/www/mvc/app/Core/Controller.php(13): require_once('...')
#3 /var/www/mvc/app/Controllers/Admin/PessoalController.php(75): App\Core\Controller->view()
#4 [internal function]: App\Controllers\Admin\PessoalController->editar()
#5 /var/www/mvc/app/Core/App.php(80): call_user_func_array()
#6 /var/www/mvc/app/Core/App.php(16): App\Core\App->execute()
#7 /var/www/mvc/public/index.php(35): App\Core\App->__construct()
#8 {main}

[2025-12-04 18:15:00] ErrorException: include(/var/www/mvc/app/Views/layouts/../../components/navbar.php): Failed to open stream: No such file or directory in /var/www/mvc/app/Views/layouts/admin.php:35
Stack trace:
#0 /var/www/mvc/app/Views/layouts/admin.php(35): App\Core\ExceptionHandler::handleError()
#1 /var/www/mvc/app/Views/layouts/admin.php(35): include()
#2 /var/www/mvc/app/Core/Controller.php(13): require_once('...')
#3 /var/www/mvc/app/Controllers/Admin/PessoalController.php(75): App\Core\Controller->view()
#4 [internal function]: App\Controllers\Admin\PessoalController->editar()
#5 /var/www/mvc/app/Core/App.php(80): call_user_func_array()
#6 /var/www/mvc/app/Core/App.php(16): App\Core\App->execute()
#7 /var/www/mvc/public/index.php(35): App\Core\App->__construct()
#8 {main}

[2025-12-04 18:15:01] ErrorException: include(/var/www/mvc/app/Views/layouts/../../components/navbar.php): Failed to open stream: No such file or directory in /var/www/mvc/app/Views/layouts/admin.php:35
Stack trace:
#0 /var/www/mvc/app/Views/layouts/admin.php(35): App\Core\ExceptionHandler::handleError()
#1 /var/www/mvc/app/Views/layouts/admin.php(35): include()
#2 /var/www/mvc/app/Core/Controller.php(13): require_once('...')
#3 /var/www/mvc/app/Controllers/Admin/PessoalController.php(75): App\Core\Controller->view()
#4 [internal function]: App\Controllers\Admin\PessoalController->editar()
#5 /var/www/mvc/app/Core/App.php(80): call_user_func_array()
#6 /var/www/mvc/app/Core/App.php(16): App\Core\App->execute()
#7 /var/www/mvc/public/index.php(35): App\Core\App->__construct()
#8 {main}

[2025-12-04 18:15:04] ErrorException: include(/var/www/mvc/app/Views/layouts/../../components/navbar.php): Failed to open stream: No such file or directory in /var/www/mvc/app/Views/layouts/admin.php:35
Stack trace:
#0 /var/www/mvc/app/Views/layouts/admin.php(35): App\Core\ExceptionHandler::handleError()
#1 /var/www/mvc/app/Views/layouts/admin.php(35): include()
#2 /var/www/mvc/app/Core/Controller.php(13): require_once('...')
#3 /var/www/mvc/app/Controllers/Admin/PessoalController.php(75): App\Core\Controller->view()
#4 [internal function]: App\Controllers\Admin\PessoalController->editar()
#5 /var/www/mvc/app/Core/App.php(80): call_user_func_array()
#6 /var/www/mvc/app/Core/App.php(16): App\Core\App->execute()
#7 /var/www/mvc/public/index.php(35): App\Core\App->__construct()
#8 {main}

[2025-12-04 18:15:04] ErrorException: include(/var/www/mvc/app/Views/layouts/../../components/navbar.php): Failed to open stream: No such file or directory in /var/www/mvc/app/Views/layouts/admin.php:35
Stack trace:
#0 /var/www/mvc/app/Views/layouts/admin.php(35): App\Core\ExceptionHandler::handleError()
#1 /var/www/mvc/app/Views/layouts/admin.php(35): include()
#2 /var/www/mvc/app/Core/Controller.php(13): require_once('...')
#3 /var/www/mvc/app/Controllers/Admin/PessoalController.php(75): App\Core\Controller->view()
#4 [internal function]: App\Controllers\Admin\PessoalController->editar()
#5 /var/www/mvc/app/Core/App.php(80): call_user_func_array()
#6 /var/www/mvc/app/Core/App.php(16): App\Core\App->execute()
#7 /var/www/mvc/public/index.php(35): App\Core\App->__construct()
#8 {main}

[2025-12-04 18:15:05] ErrorException: include(/var/www/mvc/app/Views/layouts/../../components/navbar.php): Failed to open stream: No such file or directory in /var/www/mvc/app/Views/layouts/admin.php:35
Stack trace:
#0 /var/www/mvc/app/Views/layouts/admin.php(35): App\Core\ExceptionHandler::handleError()
#1 /var/www/mvc/app/Views/layouts/admin.php(35): include()
#2 /var/www/mvc/app/Core/Controller.php(13): require_once('...')
#3 /var/www/mvc/app/Controllers/Admin/PessoalController.php(75): App\Core\Controller->view()
#4 [internal function]: App\Controllers\Admin\PessoalController->editar()
#5 /var/www/mvc/app/Core/App.php(80): call_user_func_array()
#6 /var/www/mvc/app/Core/App.php(16): App\Core\App->execute()
#7 /var/www/mvc/public/index.php(35): App\Core\App->__construct()
#8 {main}

[2025-12-04 18:15:05] ErrorException: include(/var/www/mvc/app/Views/layouts/../../components/navbar.php): Failed to open stream: No such file or directory in /var/www/mvc/app/Views/layouts/admin.php:35
Stack trace:
#0 /var/www/mvc/app/Views/layouts/admin.php(35): App\Core\ExceptionHandler::handleError()
#1 /var/www/mvc/app/Views/layouts/admin.php(35): include()
#2 /var/www/mvc/app/Core/Controller.php(13): require_once('...')
#3 /var/www/mvc/app/Controllers/Admin/PessoalController.php(75): App\Core\Controller->view()
#4 [internal function]: App\Controllers\Admin\PessoalController->editar()
#5 /var/www/mvc/app/Core/App.php(80): call_user_func_array()
#6 /var/www/mvc/app/Core/App.php(16): App\Core\App->execute()
#7 /var/www/mvc/public/index.php(35): App\Core\App->__construct()
#8 {main}

[2025-12-04 18:15:05] ErrorException: include(/var/www/mvc/app/Views/layouts/../../components/navbar.php): Failed to open stream: No such file or directory in /var/www/mvc/app/Views/layouts/admin.php:35
Stack trace:
#0 /var/www/mvc/app/Views/layouts/admin.php(35): App\Core\ExceptionHandler::handleError()
#1 /var/www/mvc/app/Views/layouts/admin.php(35): include()
#2 /var/www/mvc/app/Core/Controller.php(13): require_once('...')
#3 /var/www/mvc/app/Controllers/Admin/PessoalController.php(75): App\Core\Controller->view()
#4 [internal function]: App\Controllers\Admin\PessoalController->editar()
#5 /var/www/mvc/app/Core/App.php(80): call_user_func_array()
#6 /var/www/mvc/app/Core/App.php(16): App\Core\App->execute()
#7 /var/www/mvc/public/index.php(35): App\Core\App->__construct()
#8 {main}

[2025-12-04 18:15:15] ErrorException: include(layouts/components/footer.php): Failed to open stream: No such file or directory in /var/www/mvc/app/Views/home.php:148
Stack trace:
#0 /var/www/mvc/app/Views/home.php(148): App\Core\ExceptionHandler::handleError()
#1 /var/www/mvc/app/Views/home.php(148): include()
#2 /var/www/mvc/app/Views/layouts/main.php(33): require('...')
#3 /var/www/mvc/app/Core/Controller.php(13): require_once('...')
#4 /var/www/mvc/app/Controllers/Site/HomeController.php(9): App\Core\Controller->view()
#5 [internal function]: App\Controllers\Site\HomeController->index()
#6 /var/www/mvc/app/Core/App.php(80): call_user_func_array()
#7 /var/www/mvc/app/Core/App.php(16): App\Core\App->execute()
#8 /var/www/mvc/public/index.php(35): App\Core\App->__construct()
#9 {main}

[2025-12-04 18:15:15] Error [1]: Uncaught ErrorException: http_response_code(): Cannot set response code - headers already sent (output started at /var/www/mvc/app/Views/layouts/main.php:10) in /var/www/mvc/app/Core/ExceptionHandler.php:47
Stack trace:
#0 [internal function]: App\Core\ExceptionHandler::handleError()
#1 /var/www/mvc/app/Core/ExceptionHandler.php(47): http_response_code()
#2 [internal function]: App\Core\ExceptionHandler::handleException()
#3 {main}
  thrown in /var/www/mvc/app/Core/ExceptionHandler.php:47

[2025-12-04 18:15:18] ErrorException: include(layouts/components/footer.php): Failed to open stream: No such file or directory in /var/www/mvc/app/Views/about.php:93
Stack trace:
#0 /var/www/mvc/app/Views/about.php(93): App\Core\ExceptionHandler::handleError()
#1 /var/www/mvc/app/Views/about.php(93): include()
#2 /var/www/mvc/app/Views/layouts/main.php(33): require('...')
#3 /var/www/mvc/app/Core/Controller.php(13): require_once('...')
#4 /var/www/mvc/app/Controllers/Site/AboutController.php(9): App\Core\Controller->view()
#5 [internal function]: App\Controllers\Site\AboutController->index()
#6 /var/www/mvc/app/Core/App.php(80): call_user_func_array()
#7 /var/www/mvc/app/Core/App.php(16): App\Core\App->execute()
#8 /var/www/mvc/public/index.php(35): App\Core\App->__construct()
#9 {main}

[2025-12-04 18:15:18] Error [1]: Uncaught ErrorException: http_response_code(): Cannot set response code - headers already sent (output started at /var/www/mvc/app/Views/layouts/main.php:10) in /var/www/mvc/app/Core/ExceptionHandler.php:47
Stack trace:
#0 [internal function]: App\Core\ExceptionHandler::handleError()
#1 /var/www/mvc/app/Core/ExceptionHandler.php(47): http_response_code()
#2 [internal function]: App\Core\ExceptionHandler::handleException()
#3 {main}
  thrown in /var/www/mvc/app/Core/ExceptionHandler.php:47

[2025-12-04 18:15:20] ErrorException: include(layouts/components/footer.php): Failed to open stream: No such file or directory in /var/www/mvc/app/Views/blog.php:44
Stack trace:
#0 /var/www/mvc/app/Views/blog.php(44): App\Core\ExceptionHandler::handleError()
#1 /var/www/mvc/app/Views/blog.php(44): include()
#2 /var/www/mvc/app/Views/layouts/main.php(33): require('...')
#3 /var/www/mvc/app/Core/Controller.php(13): require_once('...')
#4 /var/www/mvc/app/Controllers/Site/BlogController.php(16): App\Core\Controller->view()
#5 [internal function]: App\Controllers\Site\BlogController->index()
#6 /var/www/mvc/app/Core/App.php(80): call_user_func_array()
#7 /var/www/mvc/app/Core/App.php(16): App\Core\App->execute()
#8 /var/www/mvc/public/index.php(35): App\Core\App->__construct()
#9 {main}

[2025-12-04 18:15:20] Error [1]: Uncaught ErrorException: http_response_code(): Cannot set response code - headers already sent (output started at /var/www/mvc/app/Views/layouts/main.php:10) in /var/www/mvc/app/Core/ExceptionHandler.php:47
Stack trace:
#0 [internal function]: App\Core\ExceptionHandler::handleError()
#1 /var/www/mvc/app/Core/ExceptionHandler.php(47): http_response_code()
#2 [internal function]: App\Core\ExceptionHandler::handleException()
#3 {main}
  thrown in /var/www/mvc/app/Core/ExceptionHandler.php:47

[2025-12-04 18:15:25] ErrorException: include(/var/www/mvc/app/Views/layouts/../../components/navbar.php): Failed to open stream: No such file or directory in /var/www/mvc/app/Views/layouts/admin.php:35
Stack trace:
#0 /var/www/mvc/app/Views/layouts/admin.php(35): App\Core\ExceptionHandler::handleError()
#1 /var/www/mvc/app/Views/layouts/admin.php(35): include()
#2 /var/www/mvc/app/Core/Controller.php(13): require_once('...')
#3 /var/www/mvc/app/Controllers/Admin/DashboardController.php(46): App\Core\Controller->view()
#4 [internal function]: App\Controllers\Admin\DashboardController->index()
#5 /var/www/mvc/app/Core/App.php(80): call_user_func_array()
#6 /var/www/mvc/app/Core/App.php(16): App\Core\App->execute()
#7 /var/www/mvc/public/index.php(35): App\Core\App->__construct()
#8 {main}

[2025-12-04 18:18:19] ErrorException: include(layouts/components/footer.php): Failed to open stream: No such file or directory in /var/www/mvc/app/Views/home.php:148
Stack trace:
#0 /var/www/mvc/app/Views/home.php(148): App\Core\ExceptionHandler::handleError()
#1 /var/www/mvc/app/Views/home.php(148): include()
#2 /var/www/mvc/app/Views/layouts/main.php(33): require('...')
#3 /var/www/mvc/app/Core/Controller.php(13): require_once('...')
#4 /var/www/mvc/app/Controllers/Site/HomeController.php(9): App\Core\Controller->view()
#5 [internal function]: App\Controllers\Site\HomeController->index()
#6 /var/www/mvc/app/Core/App.php(80): call_user_func_array()
#7 /var/www/mvc/app/Core/App.php(16): App\Core\App->execute()
#8 /var/www/mvc/public/index.php(35): App\Core\App->__construct()
#9 {main}

[2025-12-04 18:18:19] Error [1]: Uncaught ErrorException: http_response_code(): Cannot set response code - headers already sent (output started at /var/www/mvc/app/Views/layouts/main.php:10) in /var/www/mvc/app/Core/ExceptionHandler.php:47
Stack trace:
#0 [internal function]: App\Core\ExceptionHandler::handleError()
#1 /var/www/mvc/app/Core/ExceptionHandler.php(47): http_response_code()
#2 [internal function]: App\Core\ExceptionHandler::handleException()
#3 {main}
  thrown in /var/www/mvc/app/Core/ExceptionHandler.php:47

[2025-12-04 18:19:18] ErrorException: include(layouts/components/footer.php): Failed to open stream: No such file or directory in /var/www/mvc/app/Views/home.php:148
Stack trace:
#0 /var/www/mvc/app/Views/home.php(148): App\Core\ExceptionHandler::handleError()
#1 /var/www/mvc/app/Views/home.php(148): include()
#2 /var/www/mvc/app/Views/layouts/main.php(33): require('...')
#3 /var/www/mvc/app/Core/Controller.php(13): require_once('...')
#4 /var/www/mvc/app/Controllers/Site/HomeController.php(9): App\Core\Controller->view()
#5 [internal function]: App\Controllers\Site\HomeController->index()
#6 /var/www/mvc/app/Core/App.php(80): call_user_func_array()
#7 /var/www/mvc/app/Core/App.php(16): App\Core\App->execute()
#8 /var/www/mvc/public/index.php(35): App\Core\App->__construct()
#9 {main}

[2025-12-04 18:19:18] Error [1]: Uncaught ErrorException: http_response_code(): Cannot set response code - headers already sent (output started at /var/www/mvc/app/Views/layouts/main.php:10) in /var/www/mvc/app/Core/ExceptionHandler.php:47
Stack trace:
#0 [internal function]: App\Core\ExceptionHandler::handleError()
#1 /var/www/mvc/app/Core/ExceptionHandler.php(47): http_response_code()
#2 [internal function]: App\Core\ExceptionHandler::handleException()
#3 {main}
  thrown in /var/www/mvc/app/Core/ExceptionHandler.php:47

[2025-12-04 18:19:21] ErrorException: include(layouts/components/footer.php): Failed to open stream: No such file or directory in /var/www/mvc/app/Views/about.php:93
Stack trace:
#0 /var/www/mvc/app/Views/about.php(93): App\Core\ExceptionHandler::handleError()
#1 /var/www/mvc/app/Views/about.php(93): include()
#2 /var/www/mvc/app/Views/layouts/main.php(33): require('...')
#3 /var/www/mvc/app/Core/Controller.php(13): require_once('...')
#4 /var/www/mvc/app/Controllers/Site/AboutController.php(9): App\Core\Controller->view()
#5 [internal function]: App\Controllers\Site\AboutController->index()
#6 /var/www/mvc/app/Core/App.php(80): call_user_func_array()
#7 /var/www/mvc/app/Core/App.php(16): App\Core\App->execute()
#8 /var/www/mvc/public/index.php(35): App\Core\App->__construct()
#9 {main}

[2025-12-04 18:19:21] Error [1]: Uncaught ErrorException: http_response_code(): Cannot set response code - headers already sent (output started at /var/www/mvc/app/Views/layouts/main.php:10) in /var/www/mvc/app/Core/ExceptionHandler.php:47
Stack trace:
#0 [internal function]: App\Core\ExceptionHandler::handleError()
#1 /var/www/mvc/app/Core/ExceptionHandler.php(47): http_response_code()
#2 [internal function]: App\Core\ExceptionHandler::handleException()
#3 {main}
  thrown in /var/www/mvc/app/Core/ExceptionHandler.php:47

[2025-12-04 18:19:25] ErrorException: include(layouts/components/footer.php): Failed to open stream: No such file or directory in /var/www/mvc/app/Views/about.php:93
Stack trace:
#0 /var/www/mvc/app/Views/about.php(93): App\Core\ExceptionHandler::handleError()
#1 /var/www/mvc/app/Views/about.php(93): include()
#2 /var/www/mvc/app/Views/layouts/main.php(33): require('...')
#3 /var/www/mvc/app/Core/Controller.php(13): require_once('...')
#4 /var/www/mvc/app/Controllers/Site/AboutController.php(9): App\Core\Controller->view()
#5 [internal function]: App\Controllers\Site\AboutController->index()
#6 /var/www/mvc/app/Core/App.php(80): call_user_func_array()
#7 /var/www/mvc/app/Core/App.php(16): App\Core\App->execute()
#8 /var/www/mvc/public/index.php(35): App\Core\App->__construct()
#9 {main}

[2025-12-04 18:19:25] Error [1]: Uncaught ErrorException: http_response_code(): Cannot set response code - headers already sent (output started at /var/www/mvc/app/Views/layouts/main.php:10) in /var/www/mvc/app/Core/ExceptionHandler.php:47
Stack trace:
#0 [internal function]: App\Core\ExceptionHandler::handleError()
#1 /var/www/mvc/app/Core/ExceptionHandler.php(47): http_response_code()
#2 [internal function]: App\Core\ExceptionHandler::handleException()
#3 {main}
  thrown in /var/www/mvc/app/Core/ExceptionHandler.php:47

[2025-12-04 18:19:26] ErrorException: include(layouts/components/footer.php): Failed to open stream: No such file or directory in /var/www/mvc/app/Views/about.php:93
Stack trace:
#0 /var/www/mvc/app/Views/about.php(93): App\Core\ExceptionHandler::handleError()
#1 /var/www/mvc/app/Views/about.php(93): include()
#2 /var/www/mvc/app/Views/layouts/main.php(33): require('...')
#3 /var/www/mvc/app/Core/Controller.php(13): require_once('...')
#4 /var/www/mvc/app/Controllers/Site/AboutController.php(9): App\Core\Controller->view()
#5 [internal function]: App\Controllers\Site\AboutController->index()
#6 /var/www/mvc/app/Core/App.php(80): call_user_func_array()
#7 /var/www/mvc/app/Core/App.php(16): App\Core\App->execute()
#8 /var/www/mvc/public/index.php(35): App\Core\App->__construct()
#9 {main}

[2025-12-04 18:19:26] Error [1]: Uncaught ErrorException: http_response_code(): Cannot set response code - headers already sent (output started at /var/www/mvc/app/Views/layouts/main.php:10) in /var/www/mvc/app/Core/ExceptionHandler.php:47
Stack trace:
#0 [internal function]: App\Core\ExceptionHandler::handleError()
#1 /var/www/mvc/app/Core/ExceptionHandler.php(47): http_response_code()
#2 [internal function]: App\Core\ExceptionHandler::handleException()
#3 {main}
  thrown in /var/www/mvc/app/Core/ExceptionHandler.php:47

[2025-12-04 18:19:26] ErrorException: include(layouts/components/footer.php): Failed to open stream: No such file or directory in /var/www/mvc/app/Views/about.php:93
Stack trace:
#0 /var/www/mvc/app/Views/about.php(93): App\Core\ExceptionHandler::handleError()
#1 /var/www/mvc/app/Views/about.php(93): include()
#2 /var/www/mvc/app/Views/layouts/main.php(33): require('...')
#3 /var/www/mvc/app/Core/Controller.php(13): require_once('...')
#4 /var/www/mvc/app/Controllers/Site/AboutController.php(9): App\Core\Controller->view()
#5 [internal function]: App\Controllers\Site\AboutController->index()
#6 /var/www/mvc/app/Core/App.php(80): call_user_func_array()
#7 /var/www/mvc/app/Core/App.php(16): App\Core\App->execute()
#8 /var/www/mvc/public/index.php(35): App\Core\App->__construct()
#9 {main}

[2025-12-04 18:19:26] Error [1]: Uncaught ErrorException: http_response_code(): Cannot set response code - headers already sent (output started at /var/www/mvc/app/Views/layouts/main.php:10) in /var/www/mvc/app/Core/ExceptionHandler.php:47
Stack trace:
#0 [internal function]: App\Core\ExceptionHandler::handleError()
#1 /var/www/mvc/app/Core/ExceptionHandler.php(47): http_response_code()
#2 [internal function]: App\Core\ExceptionHandler::handleException()
#3 {main}
  thrown in /var/www/mvc/app/Core/ExceptionHandler.php:47

[2025-12-04 18:19:27] ErrorException: include(layouts/components/footer.php): Failed to open stream: No such file or directory in /var/www/mvc/app/Views/blog.php:44
Stack trace:
#0 /var/www/mvc/app/Views/blog.php(44): App\Core\ExceptionHandler::handleError()
#1 /var/www/mvc/app/Views/blog.php(44): include()
#2 /var/www/mvc/app/Views/layouts/main.php(33): require('...')
#3 /var/www/mvc/app/Core/Controller.php(13): require_once('...')
#4 /var/www/mvc/app/Controllers/Site/BlogController.php(16): App\Core\Controller->view()
#5 [internal function]: App\Controllers\Site\BlogController->index()
#6 /var/www/mvc/app/Core/App.php(80): call_user_func_array()
#7 /var/www/mvc/app/Core/App.php(16): App\Core\App->execute()
#8 /var/www/mvc/public/index.php(35): App\Core\App->__construct()
#9 {main}

[2025-12-04 18:19:27] Error [1]: Uncaught ErrorException: http_response_code(): Cannot set response code - headers already sent (output started at /var/www/mvc/app/Views/layouts/main.php:10) in /var/www/mvc/app/Core/ExceptionHandler.php:47
Stack trace:
#0 [internal function]: App\Core\ExceptionHandler::handleError()
#1 /var/www/mvc/app/Core/ExceptionHandler.php(47): http_response_code()
#2 [internal function]: App\Core\ExceptionHandler::handleException()
#3 {main}
  thrown in /var/www/mvc/app/Core/ExceptionHandler.php:47

[2025-12-04 18:19:59] ErrorException: include(layouts/components/footer.php): Failed to open stream: No such file or directory in /var/www/mvc/app/Views/blog.php:44
Stack trace:
#0 /var/www/mvc/app/Views/blog.php(44): App\Core\ExceptionHandler::handleError()
#1 /var/www/mvc/app/Views/blog.php(44): include()
#2 /var/www/mvc/app/Views/layouts/main.php(33): require('...')
#3 /var/www/mvc/app/Core/Controller.php(13): require_once('...')
#4 /var/www/mvc/app/Controllers/Site/BlogController.php(16): App\Core\Controller->view()
#5 [internal function]: App\Controllers\Site\BlogController->index()
#6 /var/www/mvc/app/Core/App.php(80): call_user_func_array()
#7 /var/www/mvc/app/Core/App.php(16): App\Core\App->execute()
#8 /var/www/mvc/public/index.php(35): App\Core\App->__construct()
#9 {main}

[2025-12-04 18:19:59] Error [1]: Uncaught ErrorException: http_response_code(): Cannot set response code - headers already sent (output started at /var/www/mvc/app/Views/layouts/main.php:10) in /var/www/mvc/app/Core/ExceptionHandler.php:47
Stack trace:
#0 [internal function]: App\Core\ExceptionHandler::handleError()
#1 /var/www/mvc/app/Core/ExceptionHandler.php(47): http_response_code()
#2 [internal function]: App\Core\ExceptionHandler::handleException()
#3 {main}
  thrown in /var/www/mvc/app/Core/ExceptionHandler.php:47

[2025-12-04 18:20:03] ErrorException: include(layouts/components/footer.php): Failed to open stream: No such file or directory in /var/www/mvc/app/Views/home.php:148
Stack trace:
#0 /var/www/mvc/app/Views/home.php(148): App\Core\ExceptionHandler::handleError()
#1 /var/www/mvc/app/Views/home.php(148): include()
#2 /var/www/mvc/app/Views/layouts/main.php(33): require('...')
#3 /var/www/mvc/app/Core/Controller.php(13): require_once('...')
#4 /var/www/mvc/app/Controllers/Site/HomeController.php(9): App\Core\Controller->view()
#5 [internal function]: App\Controllers\Site\HomeController->index()
#6 /var/www/mvc/app/Core/App.php(80): call_user_func_array()
#7 /var/www/mvc/app/Core/App.php(16): App\Core\App->execute()
#8 /var/www/mvc/public/index.php(35): App\Core\App->__construct()
#9 {main}

[2025-12-04 18:20:03] Error [1]: Uncaught ErrorException: http_response_code(): Cannot set response code - headers already sent (output started at /var/www/mvc/app/Views/layouts/main.php:10) in /var/www/mvc/app/Core/ExceptionHandler.php:47
Stack trace:
#0 [internal function]: App\Core\ExceptionHandler::handleError()
#1 /var/www/mvc/app/Core/ExceptionHandler.php(47): http_response_code()
#2 [internal function]: App\Core\ExceptionHandler::handleException()
#3 {main}
  thrown in /var/www/mvc/app/Core/ExceptionHandler.php:47

[2025-12-04 18:20:04] ErrorException: include(layouts/components/footer.php): Failed to open stream: No such file or directory in /var/www/mvc/app/Views/home.php:148
Stack trace:
#0 /var/www/mvc/app/Views/home.php(148): App\Core\ExceptionHandler::handleError()
#1 /var/www/mvc/app/Views/home.php(148): include()
#2 /var/www/mvc/app/Views/layouts/main.php(33): require('...')
#3 /var/www/mvc/app/Core/Controller.php(13): require_once('...')
#4 /var/www/mvc/app/Controllers/Site/HomeController.php(9): App\Core\Controller->view()
#5 [internal function]: App\Controllers\Site\HomeController->index()
#6 /var/www/mvc/app/Core/App.php(80): call_user_func_array()
#7 /var/www/mvc/app/Core/App.php(16): App\Core\App->execute()
#8 /var/www/mvc/public/index.php(35): App\Core\App->__construct()
#9 {main}

[2025-12-04 18:20:04] Error [1]: Uncaught ErrorException: http_response_code(): Cannot set response code - headers already sent (output started at /var/www/mvc/app/Views/layouts/main.php:10) in /var/www/mvc/app/Core/ExceptionHandler.php:47
Stack trace:
#0 [internal function]: App\Core\ExceptionHandler::handleError()
#1 /var/www/mvc/app/Core/ExceptionHandler.php(47): http_response_code()
#2 [internal function]: App\Core\ExceptionHandler::handleException()
#3 {main}
  thrown in /var/www/mvc/app/Core/ExceptionHandler.php:47

[2025-12-04 18:20:05] ErrorException: include(layouts/components/footer.php): Failed to open stream: No such file or directory in /var/www/mvc/app/Views/home.php:148
Stack trace:
#0 /var/www/mvc/app/Views/home.php(148): App\Core\ExceptionHandler::handleError()
#1 /var/www/mvc/app/Views/home.php(148): include()
#2 /var/www/mvc/app/Views/layouts/main.php(33): require('...')
#3 /var/www/mvc/app/Core/Controller.php(13): require_once('...')
#4 /var/www/mvc/app/Controllers/Site/HomeController.php(9): App\Core\Controller->view()
#5 [internal function]: App\Controllers\Site\HomeController->index()
#6 /var/www/mvc/app/Core/App.php(80): call_user_func_array()
#7 /var/www/mvc/app/Core/App.php(16): App\Core\App->execute()
#8 /var/www/mvc/public/index.php(35): App\Core\App->__construct()
#9 {main}

[2025-12-04 18:20:05] Error [1]: Uncaught ErrorException: http_response_code(): Cannot set response code - headers already sent (output started at /var/www/mvc/app/Views/layouts/main.php:10) in /var/www/mvc/app/Core/ExceptionHandler.php:47
Stack trace:
#0 [internal function]: App\Core\ExceptionHandler::handleError()
#1 /var/www/mvc/app/Core/ExceptionHandler.php(47): http_response_code()
#2 [internal function]: App\Core\ExceptionHandler::handleException()
#3 {main}
  thrown in /var/www/mvc/app/Core/ExceptionHandler.php:47

[2025-12-04 18:20:06] ErrorException: include(layouts/components/footer.php): Failed to open stream: No such file or directory in /var/www/mvc/app/Views/home.php:148
Stack trace:
#0 /var/www/mvc/app/Views/home.php(148): App\Core\ExceptionHandler::handleError()
#1 /var/www/mvc/app/Views/home.php(148): include()
#2 /var/www/mvc/app/Views/layouts/main.php(33): require('...')
#3 /var/www/mvc/app/Core/Controller.php(13): require_once('...')
#4 /var/www/mvc/app/Controllers/Site/HomeController.php(9): App\Core\Controller->view()
#5 [internal function]: App\Controllers\Site\HomeController->index()
#6 /var/www/mvc/app/Core/App.php(80): call_user_func_array()
#7 /var/www/mvc/app/Core/App.php(16): App\Core\App->execute()
#8 /var/www/mvc/public/index.php(35): App\Core\App->__construct()
#9 {main}

[2025-12-04 18:20:06] Error [1]: Uncaught ErrorException: http_response_code(): Cannot set response code - headers already sent (output started at /var/www/mvc/app/Views/layouts/main.php:10) in /var/www/mvc/app/Core/ExceptionHandler.php:47
Stack trace:
#0 [internal function]: App\Core\ExceptionHandler::handleError()
#1 /var/www/mvc/app/Core/ExceptionHandler.php(47): http_response_code()
#2 [internal function]: App\Core\ExceptionHandler::handleException()
#3 {main}
  thrown in /var/www/mvc/app/Core/ExceptionHandler.php:47

[2025-12-04 18:20:07] ErrorException: include(layouts/components/footer.php): Failed to open stream: No such file or directory in /var/www/mvc/app/Views/about.php:93
Stack trace:
#0 /var/www/mvc/app/Views/about.php(93): App\Core\ExceptionHandler::handleError()
#1 /var/www/mvc/app/Views/about.php(93): include()
#2 /var/www/mvc/app/Views/layouts/main.php(33): require('...')
#3 /var/www/mvc/app/Core/Controller.php(13): require_once('...')
#4 /var/www/mvc/app/Controllers/Site/AboutController.php(9): App\Core\Controller->view()
#5 [internal function]: App\Controllers\Site\AboutController->index()
#6 /var/www/mvc/app/Core/App.php(80): call_user_func_array()
#7 /var/www/mvc/app/Core/App.php(16): App\Core\App->execute()
#8 /var/www/mvc/public/index.php(35): App\Core\App->__construct()
#9 {main}

[2025-12-04 18:20:07] Error [1]: Uncaught ErrorException: http_response_code(): Cannot set response code - headers already sent (output started at /var/www/mvc/app/Views/layouts/main.php:10) in /var/www/mvc/app/Core/ExceptionHandler.php:47
Stack trace:
#0 [internal function]: App\Core\ExceptionHandler::handleError()
#1 /var/www/mvc/app/Core/ExceptionHandler.php(47): http_response_code()
#2 [internal function]: App\Core\ExceptionHandler::handleException()
#3 {main}
  thrown in /var/www/mvc/app/Core/ExceptionHandler.php:47

[2025-12-04 18:20:08] ErrorException: include(layouts/components/footer.php): Failed to open stream: No such file or directory in /var/www/mvc/app/Views/blog.php:44
Stack trace:
#0 /var/www/mvc/app/Views/blog.php(44): App\Core\ExceptionHandler::handleError()
#1 /var/www/mvc/app/Views/blog.php(44): include()
#2 /var/www/mvc/app/Views/layouts/main.php(33): require('...')
#3 /var/www/mvc/app/Core/Controller.php(13): require_once('...')
#4 /var/www/mvc/app/Controllers/Site/BlogController.php(16): App\Core\Controller->view()
#5 [internal function]: App\Controllers\Site\BlogController->index()
#6 /var/www/mvc/app/Core/App.php(80): call_user_func_array()
#7 /var/www/mvc/app/Core/App.php(16): App\Core\App->execute()
#8 /var/www/mvc/public/index.php(35): App\Core\App->__construct()
#9 {main}

[2025-12-04 18:20:08] Error [1]: Uncaught ErrorException: http_response_code(): Cannot set response code - headers already sent (output started at /var/www/mvc/app/Views/layouts/main.php:10) in /var/www/mvc/app/Core/ExceptionHandler.php:47
Stack trace:
#0 [internal function]: App\Core\ExceptionHandler::handleError()
#1 /var/www/mvc/app/Core/ExceptionHandler.php(47): http_response_code()
#2 [internal function]: App\Core\ExceptionHandler::handleException()
#3 {main}
  thrown in /var/www/mvc/app/Core/ExceptionHandler.php:47

[2025-12-04 18:20:12] ErrorException: include(layouts/components/footer.php): Failed to open stream: No such file or directory in /var/www/mvc/app/Views/home.php:148
Stack trace:
#0 /var/www/mvc/app/Views/home.php(148): App\Core\ExceptionHandler::handleError()
#1 /var/www/mvc/app/Views/home.php(148): include()
#2 /var/www/mvc/app/Views/layouts/main.php(33): require('...')
#3 /var/www/mvc/app/Core/Controller.php(13): require_once('...')
#4 /var/www/mvc/app/Controllers/Site/HomeController.php(9): App\Core\Controller->view()
#5 [internal function]: App\Controllers\Site\HomeController->index()
#6 /var/www/mvc/app/Core/App.php(80): call_user_func_array()
#7 /var/www/mvc/app/Core/App.php(16): App\Core\App->execute()
#8 /var/www/mvc/public/index.php(35): App\Core\App->__construct()
#9 {main}

[2025-12-04 18:20:12] Error [1]: Uncaught ErrorException: http_response_code(): Cannot set response code - headers already sent (output started at /var/www/mvc/app/Views/layouts/main.php:10) in /var/www/mvc/app/Core/ExceptionHandler.php:47
Stack trace:
#0 [internal function]: App\Core\ExceptionHandler::handleError()
#1 /var/www/mvc/app/Core/ExceptionHandler.php(47): http_response_code()
#2 [internal function]: App\Core\ExceptionHandler::handleException()
#3 {main}
  thrown in /var/www/mvc/app/Core/ExceptionHandler.php:47

[2025-12-04 18:20:15] ErrorException: include(layouts/components/footer.php): Failed to open stream: No such file or directory in /var/www/mvc/app/Views/home.php:148
Stack trace:
#0 /var/www/mvc/app/Views/home.php(148): App\Core\ExceptionHandler::handleError()
#1 /var/www/mvc/app/Views/home.php(148): include()
#2 /var/www/mvc/app/Views/layouts/main.php(33): require('...')
#3 /var/www/mvc/app/Core/Controller.php(13): require_once('...')
#4 /var/www/mvc/app/Controllers/Site/HomeController.php(9): App\Core\Controller->view()
#5 [internal function]: App\Controllers\Site\HomeController->index()
#6 /var/www/mvc/app/Core/App.php(80): call_user_func_array()
#7 /var/www/mvc/app/Core/App.php(16): App\Core\App->execute()
#8 /var/www/mvc/public/index.php(35): App\Core\App->__construct()
#9 {main}

[2025-12-04 18:20:15] Error [1]: Uncaught ErrorException: http_response_code(): Cannot set response code - headers already sent (output started at /var/www/mvc/app/Views/layouts/main.php:10) in /var/www/mvc/app/Core/ExceptionHandler.php:47
Stack trace:
#0 [internal function]: App\Core\ExceptionHandler::handleError()
#1 /var/www/mvc/app/Core/ExceptionHandler.php(47): http_response_code()
#2 [internal function]: App\Core\ExceptionHandler::handleException()
#3 {main}
  thrown in /var/www/mvc/app/Core/ExceptionHandler.php:47

[2025-12-04 18:20:16] ErrorException: include(layouts/components/footer.php): Failed to open stream: No such file or directory in /var/www/mvc/app/Views/about.php:93
Stack trace:
#0 /var/www/mvc/app/Views/about.php(93): App\Core\ExceptionHandler::handleError()
#1 /var/www/mvc/app/Views/about.php(93): include()
#2 /var/www/mvc/app/Views/layouts/main.php(33): require('...')
#3 /var/www/mvc/app/Core/Controller.php(13): require_once('...')
#4 /var/www/mvc/app/Controllers/Site/AboutController.php(9): App\Core\Controller->view()
#5 [internal function]: App\Controllers\Site\AboutController->index()
#6 /var/www/mvc/app/Core/App.php(80): call_user_func_array()
#7 /var/www/mvc/app/Core/App.php(16): App\Core\App->execute()
#8 /var/www/mvc/public/index.php(35): App\Core\App->__construct()
#9 {main}

[2025-12-04 18:20:16] Error [1]: Uncaught ErrorException: http_response_code(): Cannot set response code - headers already sent (output started at /var/www/mvc/app/Views/layouts/main.php:10) in /var/www/mvc/app/Core/ExceptionHandler.php:47
Stack trace:
#0 [internal function]: App\Core\ExceptionHandler::handleError()
#1 /var/www/mvc/app/Core/ExceptionHandler.php(47): http_response_code()
#2 [internal function]: App\Core\ExceptionHandler::handleException()
#3 {main}
  thrown in /var/www/mvc/app/Core/ExceptionHandler.php:47

[2025-12-04 18:20:16] ErrorException: include(layouts/components/footer.php): Failed to open stream: No such file or directory in /var/www/mvc/app/Views/blog.php:44
Stack trace:
#0 /var/www/mvc/app/Views/blog.php(44): App\Core\ExceptionHandler::handleError()
#1 /var/www/mvc/app/Views/blog.php(44): include()
#2 /var/www/mvc/app/Views/layouts/main.php(33): require('...')
#3 /var/www/mvc/app/Core/Controller.php(13): require_once('...')
#4 /var/www/mvc/app/Controllers/Site/BlogController.php(16): App\Core\Controller->view()
#5 [internal function]: App\Controllers\Site\BlogController->index()
#6 /var/www/mvc/app/Core/App.php(80): call_user_func_array()
#7 /var/www/mvc/app/Core/App.php(16): App\Core\App->execute()
#8 /var/www/mvc/public/index.php(35): App\Core\App->__construct()
#9 {main}

[2025-12-04 18:20:16] Error [1]: Uncaught ErrorException: http_response_code(): Cannot set response code - headers already sent (output started at /var/www/mvc/app/Views/layouts/main.php:10) in /var/www/mvc/app/Core/ExceptionHandler.php:47
Stack trace:
#0 [internal function]: App\Core\ExceptionHandler::handleError()
#1 /var/www/mvc/app/Core/ExceptionHandler.php(47): http_response_code()
#2 [internal function]: App\Core\ExceptionHandler::handleException()
#3 {main}
  thrown in /var/www/mvc/app/Core/ExceptionHandler.php:47

[2025-12-04 18:20:17] ErrorException: include(layouts/components/footer.php): Failed to open stream: No such file or directory in /var/www/mvc/app/Views/contact.php:70
Stack trace:
#0 /var/www/mvc/app/Views/contact.php(70): App\Core\ExceptionHandler::handleError()
#1 /var/www/mvc/app/Views/contact.php(70): include()
#2 /var/www/mvc/app/Views/layouts/main.php(33): require('...')
#3 /var/www/mvc/app/Core/Controller.php(13): require_once('...')
#4 /var/www/mvc/app/Controllers/Site/ContactController.php(13): App\Core\Controller->view()
#5 [internal function]: App\Controllers\Site\ContactController->index()
#6 /var/www/mvc/app/Core/App.php(80): call_user_func_array()
#7 /var/www/mvc/app/Core/App.php(16): App\Core\App->execute()
#8 /var/www/mvc/public/index.php(35): App\Core\App->__construct()
#9 {main}

[2025-12-04 18:20:17] Error [1]: Uncaught ErrorException: http_response_code(): Cannot set response code - headers already sent (output started at /var/www/mvc/app/Views/layouts/main.php:10) in /var/www/mvc/app/Core/ExceptionHandler.php:47
Stack trace:
#0 [internal function]: App\Core\ExceptionHandler::handleError()
#1 /var/www/mvc/app/Core/ExceptionHandler.php(47): http_response_code()
#2 [internal function]: App\Core\ExceptionHandler::handleException()
#3 {main}
  thrown in /var/www/mvc/app/Core/ExceptionHandler.php:47

[2025-12-04 18:20:18] ErrorException: include(layouts/components/footer.php): Failed to open stream: No such file or directory in /var/www/mvc/app/Views/contact.php:70
Stack trace:
#0 /var/www/mvc/app/Views/contact.php(70): App\Core\ExceptionHandler::handleError()
#1 /var/www/mvc/app/Views/contact.php(70): include()
#2 /var/www/mvc/app/Views/layouts/main.php(33): require('...')
#3 /var/www/mvc/app/Core/Controller.php(13): require_once('...')
#4 /var/www/mvc/app/Controllers/Site/ContactController.php(13): App\Core\Controller->view()
#5 [internal function]: App\Controllers\Site\ContactController->index()
#6 /var/www/mvc/app/Core/App.php(80): call_user_func_array()
#7 /var/www/mvc/app/Core/App.php(16): App\Core\App->execute()
#8 /var/www/mvc/public/index.php(35): App\Core\App->__construct()
#9 {main}

[2025-12-04 18:20:18] Error [1]: Uncaught ErrorException: http_response_code(): Cannot set response code - headers already sent (output started at /var/www/mvc/app/Views/layouts/main.php:10) in /var/www/mvc/app/Core/ExceptionHandler.php:47
Stack trace:
#0 [internal function]: App\Core\ExceptionHandler::handleError()
#1 /var/www/mvc/app/Core/ExceptionHandler.php(47): http_response_code()
#2 [internal function]: App\Core\ExceptionHandler::handleException()
#3 {main}
  thrown in /var/www/mvc/app/Core/ExceptionHandler.php:47

[2025-12-04 18:20:21] ErrorException: include(layouts/components/footer.php): Failed to open stream: No such file or directory in /var/www/mvc/app/Views/about.php:93
Stack trace:
#0 /var/www/mvc/app/Views/about.php(93): App\Core\ExceptionHandler::handleError()
#1 /var/www/mvc/app/Views/about.php(93): include()
#2 /var/www/mvc/app/Views/layouts/main.php(33): require('...')
#3 /var/www/mvc/app/Core/Controller.php(13): require_once('...')
#4 /var/www/mvc/app/Controllers/Site/AboutController.php(9): App\Core\Controller->view()
#5 [internal function]: App\Controllers\Site\AboutController->index()
#6 /var/www/mvc/app/Core/App.php(80): call_user_func_array()
#7 /var/www/mvc/app/Core/App.php(16): App\Core\App->execute()
#8 /var/www/mvc/public/index.php(35): App\Core\App->__construct()
#9 {main}

[2025-12-04 18:20:21] Error [1]: Uncaught ErrorException: http_response_code(): Cannot set response code - headers already sent (output started at /var/www/mvc/app/Views/layouts/main.php:10) in /var/www/mvc/app/Core/ExceptionHandler.php:47
Stack trace:
#0 [internal function]: App\Core\ExceptionHandler::handleError()
#1 /var/www/mvc/app/Core/ExceptionHandler.php(47): http_response_code()
#2 [internal function]: App\Core\ExceptionHandler::handleException()
#3 {main}
  thrown in /var/www/mvc/app/Core/ExceptionHandler.php:47

[2025-12-04 18:20:23] ErrorException: include(layouts/components/footer.php): Failed to open stream: No such file or directory in /var/www/mvc/app/Views/home.php:148
Stack trace:
#0 /var/www/mvc/app/Views/home.php(148): App\Core\ExceptionHandler::handleError()
#1 /var/www/mvc/app/Views/home.php(148): include()
#2 /var/www/mvc/app/Views/layouts/main.php(33): require('...')
#3 /var/www/mvc/app/Core/Controller.php(13): require_once('...')
#4 /var/www/mvc/app/Controllers/Site/HomeController.php(9): App\Core\Controller->view()
#5 [internal function]: App\Controllers\Site\HomeController->index()
#6 /var/www/mvc/app/Core/App.php(80): call_user_func_array()
#7 /var/www/mvc/app/Core/App.php(16): App\Core\App->execute()
#8 /var/www/mvc/public/index.php(35): App\Core\App->__construct()
#9 {main}

[2025-12-04 18:20:23] Error [1]: Uncaught ErrorException: http_response_code(): Cannot set response code - headers already sent (output started at /var/www/mvc/app/Views/layouts/main.php:10) in /var/www/mvc/app/Core/ExceptionHandler.php:47
Stack trace:
#0 [internal function]: App\Core\ExceptionHandler::handleError()
#1 /var/www/mvc/app/Core/ExceptionHandler.php(47): http_response_code()
#2 [internal function]: App\Core\ExceptionHandler::handleException()
#3 {main}
  thrown in /var/www/mvc/app/Core/ExceptionHandler.php:47

[2025-12-04 18:21:06] ErrorException: include(layouts/components/footer.php): Failed to open stream: No such file or directory in /var/www/mvc/app/Views/home.php:148
Stack trace:
#0 /var/www/mvc/app/Views/home.php(148): App\Core\ExceptionHandler::handleError()
#1 /var/www/mvc/app/Views/home.php(148): include()
#2 /var/www/mvc/app/Views/layouts/main.php(33): require('...')
#3 /var/www/mvc/app/Core/Controller.php(13): require_once('...')
#4 /var/www/mvc/app/Controllers/Site/HomeController.php(9): App\Core\Controller->view()
#5 [internal function]: App\Controllers\Site\HomeController->index()
#6 /var/www/mvc/app/Core/App.php(80): call_user_func_array()
#7 /var/www/mvc/app/Core/App.php(16): App\Core\App->execute()
#8 /var/www/mvc/public/index.php(35): App\Core\App->__construct()
#9 {main}

[2025-12-04 18:21:06] Error [1]: Uncaught ErrorException: http_response_code(): Cannot set response code - headers already sent (output started at /var/www/mvc/app/Views/layouts/main.php:10) in /var/www/mvc/app/Core/ExceptionHandler.php:47
Stack trace:
#0 [internal function]: App\Core\ExceptionHandler::handleError()
#1 /var/www/mvc/app/Core/ExceptionHandler.php(47): http_response_code()
#2 [internal function]: App\Core\ExceptionHandler::handleException()
#3 {main}
  thrown in /var/www/mvc/app/Core/ExceptionHandler.php:47

[2025-12-04 18:22:20] ErrorException: include(layouts/components/footer.php): Failed to open stream: No such file or directory in /var/www/mvc/app/Views/home.php:148
Stack trace:
#0 /var/www/mvc/app/Views/home.php(148): App\Core\ExceptionHandler::handleError()
#1 /var/www/mvc/app/Views/home.php(148): include()
#2 /var/www/mvc/app/Views/layouts/main.php(33): require('...')
#3 /var/www/mvc/app/Core/Controller.php(13): require_once('...')
#4 /var/www/mvc/app/Controllers/Site/HomeController.php(9): App\Core\Controller->view()
#5 [internal function]: App\Controllers\Site\HomeController->index()
#6 /var/www/mvc/app/Core/App.php(80): call_user_func_array()
#7 /var/www/mvc/app/Core/App.php(16): App\Core\App->execute()
#8 /var/www/mvc/public/index.php(35): App\Core\App->__construct()
#9 {main}

[2025-12-04 18:22:20] Error [1]: Uncaught ErrorException: http_response_code(): Cannot set response code - headers already sent (output started at /var/www/mvc/app/Views/layouts/main.php:10) in /var/www/mvc/app/Core/ExceptionHandler.php:47
Stack trace:
#0 [internal function]: App\Core\ExceptionHandler::handleError()
#1 /var/www/mvc/app/Core/ExceptionHandler.php(47): http_response_code()
#2 [internal function]: App\Core\ExceptionHandler::handleException()
#3 {main}
  thrown in /var/www/mvc/app/Core/ExceptionHandler.php:47

