[2025-12-06 00:31:00] RuntimeException: Unable to create the cache directory (/var/www/mvc/app/Core/../Views/cache/c6). in /var/www/mvc/vendor/twig/twig/src/Cache/FilesystemCache.php:53
Stack trace:
#0 /var/www/mvc/vendor/twig/twig/src/Environment.php(410): Twig\Cache\FilesystemCache->write()
#1 /var/www/mvc/vendor/twig/twig/src/Environment.php(370): Twig\Environment->loadTemplate()
#2 /var/www/mvc/vendor/twig/twig/src/Environment.php(333): Twig\Environment->load()
#3 /var/www/mvc/app/Core/TwigEngine.php(33): Twig\Environment->render()
#4 /var/www/mvc/app/Controllers/Site/HomeController.php(14): App\Core\TwigEngine->render()
#5 [internal function]: App\Controllers\Site\HomeController->index()
#6 /var/www/mvc/app/Core/App.php(80): call_user_func_array()
#7 /var/www/mvc/app/Core/App.php(16): App\Core\App->execute()
#8 /var/www/mvc/public/index.php(35): App\Core\App->__construct()
#9 {main}

[2025-12-06 00:34:36] RuntimeException: Unable to write in the cache directory (/var/www/mvc/app/Core/../Views/cache/bd). in /var/www/mvc/vendor/twig/twig/src/Cache/FilesystemCache.php:57
Stack trace:
#0 /var/www/mvc/vendor/twig/twig/src/Environment.php(410): Twig\Cache\FilesystemCache->write()
#1 /var/www/mvc/vendor/twig/twig/src/Environment.php(370): Twig\Environment->loadTemplate()
#2 /var/www/mvc/vendor/twig/twig/src/Environment.php(333): Twig\Environment->load()
#3 /var/www/mvc/app/Core/TwigEngine.php(33): Twig\Environment->render()
#4 /var/www/mvc/app/Controllers/Site/ContactController.php(12): App\Core\TwigEngine->render()
#5 [internal function]: App\Controllers\Site\ContactController->index()
#6 /var/www/mvc/app/Core/App.php(80): call_user_func_array()
#7 /var/www/mvc/app/Core/App.php(16): App\Core\App->execute()
#8 /var/www/mvc/public/index.php(35): App\Core\App->__construct()
#9 {main}

[2025-12-06 00:36:56] RuntimeException: Unable to write in the cache directory (/var/www/mvc/app/Core/../Views/cache/bd). in /var/www/mvc/vendor/twig/twig/src/Cache/FilesystemCache.php:57
Stack trace:
#0 /var/www/mvc/vendor/twig/twig/src/Environment.php(410): Twig\Cache\FilesystemCache->write()
#1 /var/www/mvc/vendor/twig/twig/src/Environment.php(370): Twig\Environment->loadTemplate()
#2 /var/www/mvc/vendor/twig/twig/src/Environment.php(333): Twig\Environment->load()
#3 /var/www/mvc/app/Core/TwigEngine.php(38): Twig\Environment->render()
#4 /var/www/mvc/app/Controllers/Site/ContactController.php(12): App\Core\TwigEngine->render()
#5 [internal function]: App\Controllers\Site\ContactController->index()
#6 /var/www/mvc/app/Core/App.php(80): call_user_func_array()
#7 /var/www/mvc/app/Core/App.php(16): App\Core\App->execute()
#8 /var/www/mvc/public/index.php(35): App\Core\App->__construct()
#9 {main}

[2025-12-06 00:36:58] RuntimeException: Unable to write in the cache directory (/var/www/mvc/app/Core/../Views/cache/bd). in /var/www/mvc/vendor/twig/twig/src/Cache/FilesystemCache.php:57
Stack trace:
#0 /var/www/mvc/vendor/twig/twig/src/Environment.php(410): Twig\Cache\FilesystemCache->write()
#1 /var/www/mvc/vendor/twig/twig/src/Environment.php(370): Twig\Environment->loadTemplate()
#2 /var/www/mvc/vendor/twig/twig/src/Environment.php(333): Twig\Environment->load()
#3 /var/www/mvc/app/Core/TwigEngine.php(38): Twig\Environment->render()
#4 /var/www/mvc/app/Controllers/Site/ContactController.php(12): App\Core\TwigEngine->render()
#5 [internal function]: App\Controllers\Site\ContactController->index()
#6 /var/www/mvc/app/Core/App.php(80): call_user_func_array()
#7 /var/www/mvc/app/Core/App.php(16): App\Core\App->execute()
#8 /var/www/mvc/public/index.php(35): App\Core\App->__construct()
#9 {main}

[2025-12-06 00:36:59] RuntimeException: Unable to write in the cache directory (/var/www/mvc/app/Core/../Views/cache/bd). in /var/www/mvc/vendor/twig/twig/src/Cache/FilesystemCache.php:57
Stack trace:
#0 /var/www/mvc/vendor/twig/twig/src/Environment.php(410): Twig\Cache\FilesystemCache->write()
#1 /var/www/mvc/vendor/twig/twig/src/Environment.php(370): Twig\Environment->loadTemplate()
#2 /var/www/mvc/vendor/twig/twig/src/Environment.php(333): Twig\Environment->load()
#3 /var/www/mvc/app/Core/TwigEngine.php(38): Twig\Environment->render()
#4 /var/www/mvc/app/Controllers/Site/ContactController.php(12): App\Core\TwigEngine->render()
#5 [internal function]: App\Controllers\Site\ContactController->index()
#6 /var/www/mvc/app/Core/App.php(80): call_user_func_array()
#7 /var/www/mvc/app/Core/App.php(16): App\Core\App->execute()
#8 /var/www/mvc/public/index.php(35): App\Core\App->__construct()
#9 {main}

[2025-12-06 00:37:00] RuntimeException: Unable to write in the cache directory (/var/www/mvc/app/Core/../Views/cache/bd). in /var/www/mvc/vendor/twig/twig/src/Cache/FilesystemCache.php:57
Stack trace:
#0 /var/www/mvc/vendor/twig/twig/src/Environment.php(410): Twig\Cache\FilesystemCache->write()
#1 /var/www/mvc/vendor/twig/twig/src/Environment.php(370): Twig\Environment->loadTemplate()
#2 /var/www/mvc/vendor/twig/twig/src/Environment.php(333): Twig\Environment->load()
#3 /var/www/mvc/app/Core/TwigEngine.php(38): Twig\Environment->render()
#4 /var/www/mvc/app/Controllers/Site/ContactController.php(12): App\Core\TwigEngine->render()
#5 [internal function]: App\Controllers\Site\ContactController->index()
#6 /var/www/mvc/app/Core/App.php(80): call_user_func_array()
#7 /var/www/mvc/app/Core/App.php(16): App\Core\App->execute()
#8 /var/www/mvc/public/index.php(35): App\Core\App->__construct()
#9 {main}

[2025-12-06 00:37:01] RuntimeException: Unable to write in the cache directory (/var/www/mvc/app/Core/../Views/cache/bd). in /var/www/mvc/vendor/twig/twig/src/Cache/FilesystemCache.php:57
Stack trace:
#0 /var/www/mvc/vendor/twig/twig/src/Environment.php(410): Twig\Cache\FilesystemCache->write()
#1 /var/www/mvc/vendor/twig/twig/src/Environment.php(370): Twig\Environment->loadTemplate()
#2 /var/www/mvc/vendor/twig/twig/src/Environment.php(333): Twig\Environment->load()
#3 /var/www/mvc/app/Core/TwigEngine.php(38): Twig\Environment->render()
#4 /var/www/mvc/app/Controllers/Site/ContactController.php(12): App\Core\TwigEngine->render()
#5 [internal function]: App\Controllers\Site\ContactController->index()
#6 /var/www/mvc/app/Core/App.php(80): call_user_func_array()
#7 /var/www/mvc/app/Core/App.php(16): App\Core\App->execute()
#8 /var/www/mvc/public/index.php(35): App\Core\App->__construct()
#9 {main}

[2025-12-06 00:37:01] RuntimeException: Unable to write in the cache directory (/var/www/mvc/app/Core/../Views/cache/bd). in /var/www/mvc/vendor/twig/twig/src/Cache/FilesystemCache.php:57
Stack trace:
#0 /var/www/mvc/vendor/twig/twig/src/Environment.php(410): Twig\Cache\FilesystemCache->write()
#1 /var/www/mvc/vendor/twig/twig/src/Environment.php(370): Twig\Environment->loadTemplate()
#2 /var/www/mvc/vendor/twig/twig/src/Environment.php(333): Twig\Environment->load()
#3 /var/www/mvc/app/Core/TwigEngine.php(38): Twig\Environment->render()
#4 /var/www/mvc/app/Controllers/Site/ContactController.php(12): App\Core\TwigEngine->render()
#5 [internal function]: App\Controllers\Site\ContactController->index()
#6 /var/www/mvc/app/Core/App.php(80): call_user_func_array()
#7 /var/www/mvc/app/Core/App.php(16): App\Core\App->execute()
#8 /var/www/mvc/public/index.php(35): App\Core\App->__construct()
#9 {main}

[2025-12-06 00:37:14] RuntimeException: Unable to write in the cache directory (/var/www/mvc/app/Core/../Views/cache/bd). in /var/www/mvc/vendor/twig/twig/src/Cache/FilesystemCache.php:57
Stack trace:
#0 /var/www/mvc/vendor/twig/twig/src/Environment.php(410): Twig\Cache\FilesystemCache->write()
#1 /var/www/mvc/vendor/twig/twig/src/Environment.php(370): Twig\Environment->loadTemplate()
#2 /var/www/mvc/vendor/twig/twig/src/Environment.php(333): Twig\Environment->load()
#3 /var/www/mvc/app/Core/TwigEngine.php(38): Twig\Environment->render()
#4 /var/www/mvc/app/Controllers/Site/ContactController.php(12): App\Core\TwigEngine->render()
#5 [internal function]: App\Controllers\Site\ContactController->index()
#6 /var/www/mvc/app/Core/App.php(80): call_user_func_array()
#7 /var/www/mvc/app/Core/App.php(16): App\Core\App->execute()
#8 /var/www/mvc/public/index.php(35): App\Core\App->__construct()
#9 {main}

[2025-12-06 08:44:22] Twig\Error\LoaderError: Unable to find template "admin/post_categories/index.twig" (looked into: /var/www/mvc/app/Core/../Views/templates). in /var/www/mvc/vendor/twig/twig/src/Loader/FilesystemLoader.php:234
Stack trace:
#0 /var/www/mvc/vendor/twig/twig/src/Loader/FilesystemLoader.php(138): Twig\Loader\FilesystemLoader->findTemplate()
#1 /var/www/mvc/vendor/twig/twig/src/Environment.php(317): Twig\Loader\FilesystemLoader->getCacheKey()
#2 /var/www/mvc/vendor/twig/twig/src/Environment.php(370): Twig\Environment->getTemplateClass()
#3 /var/www/mvc/vendor/twig/twig/src/Environment.php(333): Twig\Environment->load()
#4 /var/www/mvc/app/Core/TwigEngine.php(38): Twig\Environment->render()
#5 /var/www/mvc/app/Core/Controller.php(28): App\Core\TwigEngine->render()
#6 /var/www/mvc/app/Controllers/Admin/PostCategoriesController.php(39): App\Core\Controller->renderTwig()
#7 [internal function]: App\Controllers\Admin\PostCategoriesController->index()
#8 /var/www/mvc/app/Core/App.php(80): call_user_func_array()
#9 /var/www/mvc/app/Core/App.php(16): App\Core\App->execute()
#10 /var/www/mvc/public/index.php(35): App\Core\App->__construct()
#11 {main}

[2025-12-06 08:44:39] Twig\Error\LoaderError: Unable to find template "admin/post_categories/index.twig" (looked into: /var/www/mvc/app/Core/../Views/templates). in /var/www/mvc/vendor/twig/twig/src/Loader/FilesystemLoader.php:234
Stack trace:
#0 /var/www/mvc/vendor/twig/twig/src/Loader/FilesystemLoader.php(138): Twig\Loader\FilesystemLoader->findTemplate()
#1 /var/www/mvc/vendor/twig/twig/src/Environment.php(317): Twig\Loader\FilesystemLoader->getCacheKey()
#2 /var/www/mvc/vendor/twig/twig/src/Environment.php(370): Twig\Environment->getTemplateClass()
#3 /var/www/mvc/vendor/twig/twig/src/Environment.php(333): Twig\Environment->load()
#4 /var/www/mvc/app/Core/TwigEngine.php(38): Twig\Environment->render()
#5 /var/www/mvc/app/Core/Controller.php(28): App\Core\TwigEngine->render()
#6 /var/www/mvc/app/Controllers/Admin/PostCategoriesController.php(39): App\Core\Controller->renderTwig()
#7 [internal function]: App\Controllers\Admin\PostCategoriesController->index()
#8 /var/www/mvc/app/Core/App.php(80): call_user_func_array()
#9 /var/www/mvc/app/Core/App.php(16): App\Core\App->execute()
#10 /var/www/mvc/public/index.php(35): App\Core\App->__construct()
#11 {main}

[2025-12-06 08:44:47] Twig\Error\LoaderError: Unable to find template "admin/post_categories/index.twig" (looked into: /var/www/mvc/app/Core/../Views/templates). in /var/www/mvc/vendor/twig/twig/src/Loader/FilesystemLoader.php:234
Stack trace:
#0 /var/www/mvc/vendor/twig/twig/src/Loader/FilesystemLoader.php(138): Twig\Loader\FilesystemLoader->findTemplate()
#1 /var/www/mvc/vendor/twig/twig/src/Environment.php(317): Twig\Loader\FilesystemLoader->getCacheKey()
#2 /var/www/mvc/vendor/twig/twig/src/Environment.php(370): Twig\Environment->getTemplateClass()
#3 /var/www/mvc/vendor/twig/twig/src/Environment.php(333): Twig\Environment->load()
#4 /var/www/mvc/app/Core/TwigEngine.php(38): Twig\Environment->render()
#5 /var/www/mvc/app/Core/Controller.php(28): App\Core\TwigEngine->render()
#6 /var/www/mvc/app/Controllers/Admin/PostCategoriesController.php(39): App\Core\Controller->renderTwig()
#7 [internal function]: App\Controllers\Admin\PostCategoriesController->index()
#8 /var/www/mvc/app/Core/App.php(80): call_user_func_array()
#9 /var/www/mvc/app/Core/App.php(16): App\Core\App->execute()
#10 /var/www/mvc/public/index.php(35): App\Core\App->__construct()
#11 {main}

[2025-12-06 13:33:36] Twig\Error\SyntaxError: Unknown "int" filter in "admin/posts/create.twig" at line 26. in /var/www/mvc/app/Views/templates/admin/posts/create.twig:26
Stack trace:
#0 /var/www/mvc/vendor/twig/twig/src/ExpressionParser/Infix/FilterExpressionParser.php(47): Twig\Parser->getFilter()
#1 /var/www/mvc/vendor/twig/twig/src/Parser.php(390): Twig\ExpressionParser\Infix\FilterExpressionParser->parse()
#2 /var/www/mvc/vendor/twig/twig/src/ExpressionParser/Infix/BinaryOperatorExpressionParser.php(46): Twig\Parser->parseExpression()
#3 /var/www/mvc/vendor/twig/twig/src/Parser.php(390): Twig\ExpressionParser\Infix\BinaryOperatorExpressionParser->parse()
#4 /var/www/mvc/vendor/twig/twig/src/Parser.php(180): Twig\Parser->parseExpression()
#5 /var/www/mvc/vendor/twig/twig/src/TokenParser/ForTokenParser.php(43): Twig\Parser->subparse()
#6 /var/www/mvc/vendor/twig/twig/src/Parser.php(224): Twig\TokenParser\ForTokenParser->parse()
#7 /var/www/mvc/vendor/twig/twig/src/TokenParser/BlockTokenParser.php(46): Twig\Parser->subparse()
#8 /var/www/mvc/vendor/twig/twig/src/Parser.php(224): Twig\TokenParser\BlockTokenParser->parse()
#9 /var/www/mvc/vendor/twig/twig/src/Parser.php(104): Twig\Parser->subparse()
#10 /var/www/mvc/vendor/twig/twig/src/Environment.php(558): Twig\Parser->parse()
#11 /var/www/mvc/vendor/twig/twig/src/Environment.php(589): Twig\Environment->parse()
#12 /var/www/mvc/vendor/twig/twig/src/Environment.php(408): Twig\Environment->compileSource()
#13 /var/www/mvc/vendor/twig/twig/src/Environment.php(370): Twig\Environment->loadTemplate()
#14 /var/www/mvc/vendor/twig/twig/src/Environment.php(333): Twig\Environment->load()
#15 /var/www/mvc/app/Core/TwigEngine.php(38): Twig\Environment->render()
#16 /var/www/mvc/app/Core/Controller.php(28): App\Core\TwigEngine->render()
#17 /var/www/mvc/app/Controllers/Admin/PostsController.php(66): App\Core\Controller->renderTwig()
#18 [internal function]: App\Controllers\Admin\PostsController->create()
#19 /var/www/mvc/app/Core/App.php(107): call_user_func_array()
#20 /var/www/mvc/app/Core/App.php(16): App\Core\App->execute()
#21 /var/www/mvc/public/index.php(35): App\Core\App->__construct()
#22 {main}

[2025-12-06 13:34:21] Twig\Error\SyntaxError: Unknown "int" filter in "admin/posts/create.twig" at line 26. in /var/www/mvc/app/Views/templates/admin/posts/create.twig:26
Stack trace:
#0 /var/www/mvc/vendor/twig/twig/src/ExpressionParser/Infix/FilterExpressionParser.php(47): Twig\Parser->getFilter()
#1 /var/www/mvc/vendor/twig/twig/src/Parser.php(390): Twig\ExpressionParser\Infix\FilterExpressionParser->parse()
#2 /var/www/mvc/vendor/twig/twig/src/ExpressionParser/Infix/BinaryOperatorExpressionParser.php(46): Twig\Parser->parseExpression()
#3 /var/www/mvc/vendor/twig/twig/src/Parser.php(390): Twig\ExpressionParser\Infix\BinaryOperatorExpressionParser->parse()
#4 /var/www/mvc/vendor/twig/twig/src/Parser.php(180): Twig\Parser->parseExpression()
#5 /var/www/mvc/vendor/twig/twig/src/TokenParser/ForTokenParser.php(43): Twig\Parser->subparse()
#6 /var/www/mvc/vendor/twig/twig/src/Parser.php(224): Twig\TokenParser\ForTokenParser->parse()
#7 /var/www/mvc/vendor/twig/twig/src/TokenParser/BlockTokenParser.php(46): Twig\Parser->subparse()
#8 /var/www/mvc/vendor/twig/twig/src/Parser.php(224): Twig\TokenParser\BlockTokenParser->parse()
#9 /var/www/mvc/vendor/twig/twig/src/Parser.php(104): Twig\Parser->subparse()
#10 /var/www/mvc/vendor/twig/twig/src/Environment.php(558): Twig\Parser->parse()
#11 /var/www/mvc/vendor/twig/twig/src/Environment.php(589): Twig\Environment->parse()
#12 /var/www/mvc/vendor/twig/twig/src/Environment.php(408): Twig\Environment->compileSource()
#13 /var/www/mvc/vendor/twig/twig/src/Environment.php(370): Twig\Environment->loadTemplate()
#14 /var/www/mvc/vendor/twig/twig/src/Environment.php(333): Twig\Environment->load()
#15 /var/www/mvc/app/Core/TwigEngine.php(38): Twig\Environment->render()
#16 /var/www/mvc/app/Core/Controller.php(28): App\Core\TwigEngine->render()
#17 /var/www/mvc/app/Controllers/Admin/PostsController.php(66): App\Core\Controller->renderTwig()
#18 [internal function]: App\Controllers\Admin\PostsController->create()
#19 /var/www/mvc/app/Core/App.php(107): call_user_func_array()
#20 /var/www/mvc/app/Core/App.php(16): App\Core\App->execute()
#21 /var/www/mvc/public/index.php(35): App\Core\App->__construct()
#22 {main}

[2025-12-06 13:34:45] Twig\Error\SyntaxError: Unknown "int" filter in "admin/posts/create.twig" at line 26. in /var/www/mvc/app/Views/templates/admin/posts/create.twig:26
Stack trace:
#0 /var/www/mvc/vendor/twig/twig/src/ExpressionParser/Infix/FilterExpressionParser.php(47): Twig\Parser->getFilter()
#1 /var/www/mvc/vendor/twig/twig/src/Parser.php(390): Twig\ExpressionParser\Infix\FilterExpressionParser->parse()
#2 /var/www/mvc/vendor/twig/twig/src/ExpressionParser/Infix/BinaryOperatorExpressionParser.php(46): Twig\Parser->parseExpression()
#3 /var/www/mvc/vendor/twig/twig/src/Parser.php(390): Twig\ExpressionParser\Infix\BinaryOperatorExpressionParser->parse()
#4 /var/www/mvc/vendor/twig/twig/src/Parser.php(180): Twig\Parser->parseExpression()
#5 /var/www/mvc/vendor/twig/twig/src/TokenParser/ForTokenParser.php(43): Twig\Parser->subparse()
#6 /var/www/mvc/vendor/twig/twig/src/Parser.php(224): Twig\TokenParser\ForTokenParser->parse()
#7 /var/www/mvc/vendor/twig/twig/src/TokenParser/BlockTokenParser.php(46): Twig\Parser->subparse()
#8 /var/www/mvc/vendor/twig/twig/src/Parser.php(224): Twig\TokenParser\BlockTokenParser->parse()
#9 /var/www/mvc/vendor/twig/twig/src/Parser.php(104): Twig\Parser->subparse()
#10 /var/www/mvc/vendor/twig/twig/src/Environment.php(558): Twig\Parser->parse()
#11 /var/www/mvc/vendor/twig/twig/src/Environment.php(589): Twig\Environment->parse()
#12 /var/www/mvc/vendor/twig/twig/src/Environment.php(408): Twig\Environment->compileSource()
#13 /var/www/mvc/vendor/twig/twig/src/Environment.php(370): Twig\Environment->loadTemplate()
#14 /var/www/mvc/vendor/twig/twig/src/Environment.php(333): Twig\Environment->load()
#15 /var/www/mvc/app/Core/TwigEngine.php(38): Twig\Environment->render()
#16 /var/www/mvc/app/Core/Controller.php(28): App\Core\TwigEngine->render()
#17 /var/www/mvc/app/Controllers/Admin/PostsController.php(66): App\Core\Controller->renderTwig()
#18 [internal function]: App\Controllers\Admin\PostsController->create()
#19 /var/www/mvc/app/Core/App.php(107): call_user_func_array()
#20 /var/www/mvc/app/Core/App.php(16): App\Core\App->execute()
#21 /var/www/mvc/public/index.php(35): App\Core\App->__construct()
#22 {main}

[2025-12-06 13:35:29] Twig\Error\SyntaxError: Unknown "int" filter in "admin/posts/create.twig" at line 26. in /var/www/mvc/app/Views/templates/admin/posts/create.twig:26
Stack trace:
#0 /var/www/mvc/vendor/twig/twig/src/ExpressionParser/Infix/FilterExpressionParser.php(47): Twig\Parser->getFilter()
#1 /var/www/mvc/vendor/twig/twig/src/Parser.php(390): Twig\ExpressionParser\Infix\FilterExpressionParser->parse()
#2 /var/www/mvc/vendor/twig/twig/src/ExpressionParser/Infix/BinaryOperatorExpressionParser.php(46): Twig\Parser->parseExpression()
#3 /var/www/mvc/vendor/twig/twig/src/Parser.php(390): Twig\ExpressionParser\Infix\BinaryOperatorExpressionParser->parse()
#4 /var/www/mvc/vendor/twig/twig/src/Parser.php(180): Twig\Parser->parseExpression()
#5 /var/www/mvc/vendor/twig/twig/src/TokenParser/ForTokenParser.php(43): Twig\Parser->subparse()
#6 /var/www/mvc/vendor/twig/twig/src/Parser.php(224): Twig\TokenParser\ForTokenParser->parse()
#7 /var/www/mvc/vendor/twig/twig/src/TokenParser/BlockTokenParser.php(46): Twig\Parser->subparse()
#8 /var/www/mvc/vendor/twig/twig/src/Parser.php(224): Twig\TokenParser\BlockTokenParser->parse()
#9 /var/www/mvc/vendor/twig/twig/src/Parser.php(104): Twig\Parser->subparse()
#10 /var/www/mvc/vendor/twig/twig/src/Environment.php(558): Twig\Parser->parse()
#11 /var/www/mvc/vendor/twig/twig/src/Environment.php(589): Twig\Environment->parse()
#12 /var/www/mvc/vendor/twig/twig/src/Environment.php(408): Twig\Environment->compileSource()
#13 /var/www/mvc/vendor/twig/twig/src/Environment.php(370): Twig\Environment->loadTemplate()
#14 /var/www/mvc/vendor/twig/twig/src/Environment.php(333): Twig\Environment->load()
#15 /var/www/mvc/app/Core/TwigEngine.php(38): Twig\Environment->render()
#16 /var/www/mvc/app/Core/Controller.php(28): App\Core\TwigEngine->render()
#17 /var/www/mvc/app/Controllers/Admin/PostsController.php(66): App\Core\Controller->renderTwig()
#18 [internal function]: App\Controllers\Admin\PostsController->create()
#19 /var/www/mvc/app/Core/App.php(107): call_user_func_array()
#20 /var/www/mvc/app/Core/App.php(16): App\Core\App->execute()
#21 /var/www/mvc/public/index.php(35): App\Core\App->__construct()
#22 {main}

[2025-12-06 13:35:31] ErrorException: Creation of dynamic property App\Controllers\Admin\PostCategoriesController::$model is deprecated in /var/www/mvc/app/Controllers/Admin/PostCategoriesController.php:16
Stack trace:
#0 /var/www/mvc/app/Controllers/Admin/PostCategoriesController.php(16): App\Core\ExceptionHandler::handleError()
#1 /var/www/mvc/app/Core/App.php(74): App\Controllers\Admin\PostCategoriesController->__construct()
#2 /var/www/mvc/app/Core/App.php(15): App\Core\App->resolveController()
#3 /var/www/mvc/public/index.php(35): App\Core\App->__construct()
#4 {main}

[2025-12-06 13:36:25] ErrorException: Creation of dynamic property App\Controllers\Admin\PostCategoriesController::$model is deprecated in /var/www/mvc/app/Controllers/Admin/PostCategoriesController.php:16
Stack trace:
#0 /var/www/mvc/app/Controllers/Admin/PostCategoriesController.php(16): App\Core\ExceptionHandler::handleError()
#1 /var/www/mvc/app/Core/App.php(74): App\Controllers\Admin\PostCategoriesController->__construct()
#2 /var/www/mvc/app/Core/App.php(15): App\Core\App->resolveController()
#3 /var/www/mvc/public/index.php(35): App\Core\App->__construct()
#4 {main}

[2025-12-06 13:36:27] ErrorException: Creation of dynamic property App\Controllers\Admin\PostCategoriesController::$model is deprecated in /var/www/mvc/app/Controllers/Admin/PostCategoriesController.php:16
Stack trace:
#0 /var/www/mvc/app/Controllers/Admin/PostCategoriesController.php(16): App\Core\ExceptionHandler::handleError()
#1 /var/www/mvc/app/Core/App.php(74): App\Controllers\Admin\PostCategoriesController->__construct()
#2 /var/www/mvc/app/Core/App.php(15): App\Core\App->resolveController()
#3 /var/www/mvc/public/index.php(35): App\Core\App->__construct()
#4 {main}

[2025-12-06 13:37:01] ErrorException: Creation of dynamic property App\Controllers\Admin\PostCategoriesController::$model is deprecated in /var/www/mvc/app/Controllers/Admin/PostCategoriesController.php:16
Stack trace:
#0 /var/www/mvc/app/Controllers/Admin/PostCategoriesController.php(16): App\Core\ExceptionHandler::handleError()
#1 /var/www/mvc/app/Core/App.php(74): App\Controllers\Admin\PostCategoriesController->__construct()
#2 /var/www/mvc/app/Core/App.php(15): App\Core\App->resolveController()
#3 /var/www/mvc/public/index.php(35): App\Core\App->__construct()
#4 {main}

[2025-12-06 18:57:44] Twig\Error\LoaderError: Unable to find template "admin/system/versions.twig" (looked into: /var/www/mvc/app/Core/../Views/templates). in /var/www/mvc/vendor/twig/twig/src/Loader/FilesystemLoader.php:234
Stack trace:
#0 /var/www/mvc/vendor/twig/twig/src/Loader/FilesystemLoader.php(138): Twig\Loader\FilesystemLoader->findTemplate()
#1 /var/www/mvc/vendor/twig/twig/src/Environment.php(317): Twig\Loader\FilesystemLoader->getCacheKey()
#2 /var/www/mvc/vendor/twig/twig/src/Environment.php(370): Twig\Environment->getTemplateClass()
#3 /var/www/mvc/vendor/twig/twig/src/Environment.php(333): Twig\Environment->load()
#4 /var/www/mvc/app/Core/TwigEngine.php(38): Twig\Environment->render()
#5 /var/www/mvc/app/Core/Controller.php(28): App\Core\TwigEngine->render()
#6 /var/www/mvc/app/Controllers/Admin/SystemController.php(19): App\Core\Controller->renderTwig()
#7 [internal function]: App\Controllers\Admin\SystemController->versions()
#8 /var/www/mvc/app/Core/App.php(107): call_user_func_array()
#9 /var/www/mvc/app/Core/App.php(16): App\Core\App->execute()
#10 /var/www/mvc/public/index.php(35): App\Core\App->__construct()
#11 {main}

[2025-12-06 18:57:50] Twig\Error\LoaderError: Unable to find template "admin/system/info.twig" (looked into: /var/www/mvc/app/Core/../Views/templates). in /var/www/mvc/vendor/twig/twig/src/Loader/FilesystemLoader.php:234
Stack trace:
#0 /var/www/mvc/vendor/twig/twig/src/Loader/FilesystemLoader.php(138): Twig\Loader\FilesystemLoader->findTemplate()
#1 /var/www/mvc/vendor/twig/twig/src/Environment.php(317): Twig\Loader\FilesystemLoader->getCacheKey()
#2 /var/www/mvc/vendor/twig/twig/src/Environment.php(370): Twig\Environment->getTemplateClass()
#3 /var/www/mvc/vendor/twig/twig/src/Environment.php(333): Twig\Environment->load()
#4 /var/www/mvc/app/Core/TwigEngine.php(38): Twig\Environment->render()
#5 /var/www/mvc/app/Core/Controller.php(28): App\Core\TwigEngine->render()
#6 /var/www/mvc/app/Controllers/Admin/SystemController.php(33): App\Core\Controller->renderTwig()
#7 [internal function]: App\Controllers\Admin\SystemController->info()
#8 /var/www/mvc/app/Core/App.php(107): call_user_func_array()
#9 /var/www/mvc/app/Core/App.php(16): App\Core\App->execute()
#10 /var/www/mvc/public/index.php(35): App\Core\App->__construct()
#11 {main}

[2025-12-06 18:58:19] Twig\Error\LoaderError: Unable to find template "admin/system/info.twig" (looked into: /var/www/mvc/app/Core/../Views/templates). in /var/www/mvc/vendor/twig/twig/src/Loader/FilesystemLoader.php:234
Stack trace:
#0 /var/www/mvc/vendor/twig/twig/src/Loader/FilesystemLoader.php(138): Twig\Loader\FilesystemLoader->findTemplate()
#1 /var/www/mvc/vendor/twig/twig/src/Environment.php(317): Twig\Loader\FilesystemLoader->getCacheKey()
#2 /var/www/mvc/vendor/twig/twig/src/Environment.php(370): Twig\Environment->getTemplateClass()
#3 /var/www/mvc/vendor/twig/twig/src/Environment.php(333): Twig\Environment->load()
#4 /var/www/mvc/app/Core/TwigEngine.php(38): Twig\Environment->render()
#5 /var/www/mvc/app/Core/Controller.php(28): App\Core\TwigEngine->render()
#6 /var/www/mvc/app/Controllers/Admin/SystemController.php(33): App\Core\Controller->renderTwig()
#7 [internal function]: App\Controllers\Admin\SystemController->info()
#8 /var/www/mvc/app/Core/App.php(107): call_user_func_array()
#9 /var/www/mvc/app/Core/App.php(16): App\Core\App->execute()
#10 /var/www/mvc/public/index.php(35): App\Core\App->__construct()
#11 {main}

[2025-12-06 19:33:17] PDOException: SQLSTATE[42S22]: Column not found: 1054 Unknown column 'foto' in 'field list' in /var/www/mvc/app/Models/PessoalModel.php:84
Stack trace:
#0 /var/www/mvc/app/Models/PessoalModel.php(84): PDOStatement->execute()
#1 /var/www/mvc/app/Controllers/Admin/PessoalController.php(135): App\Models\PessoalModel->atualizar()
#2 [internal function]: App\Controllers\Admin\PessoalController->atualizar()
#3 /var/www/mvc/app/Core/App.php(107): call_user_func_array()
#4 /var/www/mvc/app/Core/App.php(16): App\Core\App->execute()
#5 /var/www/mvc/public/index.php(35): App\Core\App->__construct()
#6 {main}

